0:100  0:100  MemLog inited, TSC freq: 3600493640
0:100  0:000  CPU was calibrated with RTC
0:100  0:000  
0:100  0:000  Now is 27.3.2018,  21:56:12 (GMT)
0:100  0:000  Starting Clover revision: 4411 on American Megatrends EFI
0:100  0:000  Build with: [Args: -mc --no-usb -D NO_GRUB_DRIVERS_EMBEDDED -t XCODE8 | -D DISABLE_USB_SUPPORT -D NO_GRUB_DRIVERS_EMBEDDED --conf=/Users/macman/src/edk2/Conf -D USE_BIOS_BLOCKIO -D USE_LOW_EBDA -a X64 -b RELEASE -t XCODE8 -n 9 | OS: 10.13.3 | XCODE: 9.2]
0:100  0:000  SelfDevicePath=PciRoot(0x0)\Pci(0x14,0x0)\USB(0x0,0x0)\HD(1,GPT,2600374A-3633-4ACC-8845-80BB6B8859B1,0x28,0x64000) @669AC598
0:100  0:000  SelfDirPath = \EFI\BOOT
0:558  0:458  === [ Get Smbios ] ========================================
0:569  0:011  Type 16 Index = 0
0:569  0:000  Total Memory Slots Count = 2
0:569  0:000  Type 17 Index = 0
0:569  0:000  Ignoring insane frequency value 0MHz
0:569  0:000  SmbiosTable.Type17->Speed = 0MHz
0:569  0:000  SmbiosTable.Type17->Size = 0MB
0:569  0:000  SmbiosTable.Type17->Bank/Device = BANK 0 ChannelA-DIMM0
0:569  0:000  SmbiosTable.Type17->Vendor = <null string>
0:569  0:000  SmbiosTable.Type17->SerialNumber = <null string>
0:569  0:000  SmbiosTable.Type17->PartNumber = <null string>
0:569  0:000  Type 17 Index = 1
0:569  0:000  SmbiosTable.Type17->Speed = 3200MHz
0:569  0:000  SmbiosTable.Type17->Size = 16384MB
0:569  0:000  SmbiosTable.Type17->Bank/Device = BANK 2 ChannelB-DIMM0
0:569  0:000  SmbiosTable.Type17->Vendor = Micron
0:569  0:000  SmbiosTable.Type17->SerialNumber = 1916C286
0:569  0:000  SmbiosTable.Type17->PartNumber = 16ATF2G64HZ-3G2E1   
0:570  0:000  Boot status=0
0:570  0:000  Running on: 'W650KL ' with board 'W650KL '
0:570  0:000  === [ GetCPUProperties ] ==================================
0:570  0:000  CPU Vendor = 756E6547 Model=906E9
0:570  0:000   The CPU supported SSE4.1
0:570  0:000  BrandString = Intel(R) Core(TM) i7-7700 CPU @ 3.60GHz
0:570  0:000   The CPU supported turbo
0:570  0:000  MSR 0x35               40008
0:570  0:000   TSC/CCC Information Leaf:
0:570  0:000    numerator     : 300
0:570  0:000    denominator   : 2
0:570  0:000   Calibrated ARTFrequency: 24003290
0:570  0:000  MSR 0xE2 before patch 1E008006
0:570  0:000  MSR 0xE2 is locked, PM patches will be turned on
0:570  0:000  MSR 0xCE              08080838_F1012400
0:570  0:000  corrected FLEX_RATIO = 0
0:570  0:000  MSR 0x1B0             00000000
0:570  0:000  FSBFrequency = 100 MHz, DMI FSBFrequency = 100 MHz, Corrected FSBFrequency = 100 MHz
0:570  0:000  MaxDiv/MinDiv: 36.0/8
0:570  0:000  Turbo: 40/41/41/42
0:570  0:000  Features: 0xBFEBFBFF
0:570  0:000  Threads: 8
0:570  0:000  Cores: 4
0:570  0:000  FSB: 100 MHz
0:570  0:000  CPU: 3600 MHz
0:570  0:000  TSC: 3600 MHz
0:570  0:000  PIS: 100 MHz
0:570  0:000  ExternalClock: 25 MHz
0:570  0:000  === [ GetDevices ] ========================================
0:570  0:000  PCI (00|00:00.00) : 8086 591F class=060000
0:570  0:000  PCI (00|00:01.00) : 8086 1901 class=060400
0:570  0:000  PCI (00|01:00.00) : 10DE 1D10 class=030200
0:570  0:000  PCI (00|00:02.00) : 8086 5912 class=030000
0:570  0:000   - GFX: Model=Intel HD Graphics 630 (Intel)
0:570  0:000  PCI (00|00:14.00) : 8086 A12F class=0C0330
0:570  0:000  PCI (00|00:16.00) : 8086 A13A class=078000
0:570  0:000  PCI (00|00:17.00) : 8086 A102 class=010601
0:570  0:000  PCI (00|00:1C.00) : 8086 A115 class=060400
0:570  0:000  PCI (00|02:00.00) : 14E4 43B1 class=028000
0:570  0:000   - WIFI: Vendor=Broadcom
0:570  0:000  PCI (00|00:1C.07) : 8086 A117 class=060400
0:570  0:000  PCI (00|03:00.00) : 10EC 5287 class=FF0000
0:570  0:000  PCI (00|03:00.01) : 10EC 8168 class=020000
0:570  0:000   - LAN: 0 Vendor=Realtek
0:570  0:000  PCI (00|00:1F.00) : 8086 A143 class=060100
0:570  0:000  PCI (00|00:1F.02) : 8086 A121 class=058000
0:570  0:000  PCI (00|00:1F.03) : 8086 A170 class=040300
0:570  0:000  PCI (00|00:1F.04) : 8086 A123 class=0C0500
0:570  0:000  === [ GetDefaultSettings ] ================================
0:570  0:000  Clover load options size = 0 bytes
0:577  0:006  EFI\CLOVER\config.plist loaded: Success
0:588  0:011  === [ GetListOfThemes ] ===================================
0:590  0:002  - [00]: embedded
0:591  0:000  - [00]: random
0:593  0:002  - [00]: tonymacx86
0:595  0:002  === [ Found config plists ] ===============================
0:595  0:000  - config.plist
0:595  0:000  === [ GetEarlyUserSettings ] ==============================
0:595  0:000  timeout set to 0
0:595  0:000  Custom boot CUSTOM_BOOT_DISABLED (0x0)
2:218  1:622  KextsToPatch: 2 requested
2:239  0:021   - [00]: AppleAHCIPort (External icons patch) :: BinPatch :: data len: 8
2:327  0:087   - [01]: AppleUSBXHCIPCI (Change 15 port limit to 24 in 10.13 XHCI kext) :: BinPatch :: data len: 4
2:414  0:087  Default theme: tonymacx86
2:436  0:021  Hiding entries with string Windows
2:458  0:021  Hiding entries with string BOOTX64.EFI
2:480  0:021  === [ LoadDrivers ] =======================================
4:642  2:161  Loading AppleImageCodec-64.efi  status=Success
4:724  0:081  Loading AppleKeyAggregator-64.efi  status=Success
4:793  0:069  Loading AppleUITheme-64.efi  status=Success
4:861  0:067  Loading DataHubDxe-64.efi  status=Success
4:929  0:068  Loading FirmwareVolume-64.efi  status=Success
4:997  0:067  Loading FSInject-64.efi  status=Success
5:069  0:071  Loading OsxAptioFix2Drv-64.efi  status=Success
5:137  0:067  Loading SMCHelper-64.efi  status=Success
5:715  0:578  Loading VBoxHfs-64.efi  status=Success
5:800  0:084   - driver needs connecting
5:822  0:021  Loading apfs.efi  status=Success
5:913  0:090   - driver needs connecting
5:934  0:021  2 drivers needs connecting ...
5:956  0:021  PlatformDriverOverrideProtocol not found. Installing ... Success
6:000  0:043  APFS driver loaded
6:022  0:021  Searching for invalid DiskIo BY_DRIVER connects: not found, all ok
6:171  0:149  === [ InitScreen ] ========================================
7:676  1:504  SetScreenResolution: 1920x1080 - already set
7:720  0:043  Console modes reported: 3, available modes:
8:221  0:501   - [01]: 80x25
8:243  0:021   - [02]: 80x50
8:265  0:021   - [03]: 100x31 (current mode)
8:287  0:021  SetScreenResolution: 1920x1080 - already set
8:330  0:043  reinit: self device path=PciRoot(0x0)\Pci(0x14,0x0)\USB(0x0,0x0)\HD(1,GPT,2600374A-3633-4ACC-8845-80BB6B8859B1,0x28,0x64000)
8:352  0:021  === [ GetMacAddress ] =====================================
9:848  1:496  MAC address of LAN #0= 80:FA:5B:50:6E:9B:
10:023  0:174  === [ ScanSPD ] ===========================================
11:485  1:462  SMBus device : 8086 A123 class=0C0500 status=Success
11:507  0:021  SMBus CmdReg: 0x3
11:529  0:021  Scanning SMBus [8086:A123], mmio: 0xDF62A004, ioport: 0xF040, hostc: 0x11
11:551  0:021  Slots to scan [8]...
12:042  0:491  SPD[2]: Type 12 @0x52
12:081  0:039  DDR speed 3200MHz
12:103  0:021  Slot: 2 Type 26 16384MB 3200MHz Vendor=Micron Technology PartNo=16ATF2G64HZ-3G2E1 SerialNo=010901060C020806
12:126  0:022  === [ GetAcpiTablesList ] =================================
13:494  1:367  Get Acpi Tables List from RSDT:
13:537  0:043   - [00]: FACP  A M I  len=132
13:559  0:021   - [01]: APIC  A M I  len=188
13:581  0:021   - [02]: FPDT  A M I  len=68
13:603  0:021   - [03]: FIDT  A M I len=156
13:625  0:021   - [04]: MCFG  A M I  len=60
13:647  0:021   - [05]: SSDT  SataTabl len=931
13:668  0:021   - [06]: SSDT  SaSsdt  len=12862
13:690  0:021   - [07]: SSDT  PegSsdt len=10678
13:712  0:021   - [08]: HPET  KBL len=56
13:734  0:022   - [09]: UEFI  A M I  len=66
13:770  0:035   - [10]: SSDT  CpuSsdt len=6062
13:792  0:021   - [11]: LPIT  KBL len=148
13:814  0:021   - [12]: SSDT  HdaDsp len=321
13:836  0:021   - [13]: SSDT  sensrhub len=671
13:857  0:021   - [14]: SSDT  PtidDevc len=12290
13:879  0:021   - [15]: SSDT  TbtTypeC len=1303
13:901  0:021   - [16]: DBGP   len=52
13:923  0:021   - [17]: DBG2   len=84
13:945  0:021   - [18]: SSDT  UsbCTabl len=4272
14:435  0:490   - [19]: SSDT  SgPeg len=174
14:457  0:021   - [20]: DMAR  KBL  len=168
14:493  0:035   - [21]: TPM2  A M I  len=52
14:515  0:021   - [22]: BGRT  A M I  len=56
14:536  0:021   - [23]: SSDT  OptTabl len=8049
14:558  0:021   - [24]: ASF!   HCG len=160
14:580  0:021   - [25]: WSMT  A M I  len=40
14:602  0:021  Calibrated TSC Frequency = 3600493640 = 3600MHz
14:624  0:021  === [ GetUserSettings ] ===================================
16:023  1:398  USB FixOwnership: no
16:044  0:021  Dropping 1 tables:
16:066  0:021   - [00]: Drop table  signature="MATS" (5354414D)
16:255  0:188           - set table: 5354414D,                0 to drop: no
16:298  0:043   - final DSDT Fix mask=00000000
16:320  0:021  Using ProductName from config: iMac14,2
16:809  0:488  BiosVersion: not set, Using BiosVersion from clover
16:831  0:021  BiosVersion: IM142.88Z.0125.B00.1801081338
16:853  0:021  BiosReleaseDate: 01/08/2018
16:875  0:021  Using FirmwareFeatures from clover: 0xE00FE137
16:896  0:021  Using FirmwareFeaturesMask from clover: 0xFF1FFF3F
16:918  0:021  Using PlatformFeature from clover: 0x1
17:201  0:282  === [ ScanVolumes ] =======================================
18:732  1:531  Found 11 volumes with blockIO
18:754  0:021  - [00]: Volume: PciRoot(0x0)\Pci(0x14,0x0)\USB(0x0,0x0)
18:800  0:045          USB volume
18:822  0:022  - [01]: Volume: PciRoot(0x0)\Pci(0x14,0x0)\USB(0x0,0x0)\HD(1,GPT,2600374A-3633-4ACC-8845-80BB6B8859B1,0x28,0x64000)
18:868  0:045          Result of bootcode detection: bootable unknown (legacy)
18:890  0:022          USB volume
18:925  0:035          This is SelfVolume !!
18:947  0:021  - [02]: Volume: PciRoot(0x0)\Pci(0x14,0x0)\USB(0x0,0x0)\HD(2,GPT,82D8B3D5-AA8A-4DA1-9D17-9185CBBB0FB1,0x64028,0x39F84B0)
18:992  0:044          USB volume
19:613  0:621  - [03]: Volume: PciRoot(0x0)\Pci(0x17,0x0)\Sata(0x2,0xFFFF,0x0)
19:659  0:045  - [04]: Volume: PciRoot(0x0)\Pci(0x17,0x0)\Sata(0x3,0xFFFF,0x0)
19:706  0:047  - [05]: Volume: PciRoot(0x0)\Pci(0x17,0x0)\Sata(0x2,0xFFFF,0x0)\HD(1,GPT,C2A44F20-2559-4E7B-AF60-29082AE1D2B9,0x28,0x64000)
19:765  0:058          Result of bootcode detection: bootable unknown (legacy)
19:789  0:024  - [06]: Volume: PciRoot(0x0)\Pci(0x17,0x0)\Sata(0x2,0xFFFF,0x0)\HD(2,GPT,31495661-08A4-430A-A1FA-ABB331831650,0x64028,0xECE2340)
19:833  0:044  - [07]: Volume: PciRoot(0x0)\Pci(0x17,0x0)\Sata(0x2,0xFFFF,0x0)\HD(3,GPT,862C267E-0A09-42CF-AC13-20E330655FF8,0xED46368,0x135F20)
19:878  0:044  - [08]: Volume: PciRoot(0x0)\Pci(0x17,0x0)\Sata(0x3,0xFFFF,0x0)\HD(1,GPT,EB265C1F-19AC-4FD3-AC89-CE9D802C4E16,0x1000,0x31000)
19:939  0:061          Result of bootcode detection: bootable Windows (vista,win)
19:966  0:026  - [09]: Volume: PciRoot(0x0)\Pci(0x17,0x0)\Sata(0x3,0xFFFF,0x0)\HD(2,GPT,E008A9B8-BF6E-4D1A-919F-2E3CB6388052,0x32000,0x19001000)
20:010  0:044          Result of bootcode detection: bootable Windows (vista,win)
20:032  0:021  - [10]: Volume: PciRoot(0x0)\Pci(0x17,0x0)\Sata(0x3,0xFFFF,0x0)\HD(3,GPT,D5644571-259F-11E8-88E5-80FA5B506E9B,0x19033000,0x229AD2B0)
20:076  0:044          Result of bootcode detection: bootable Windows (vista,win)
20:112  0:035  === [ InitTheme ] =========================================
22:165  2:053  Using theme 'tonymacx86' (EFI\CLOVER\themes\tonymacx86)
22:187  0:021  Loading font from ThemeDir: Error
22:210  0:022  Choosing theme tonymacx86
22:232  0:022  after NVRAM boot-args=dart=0
22:254  0:021  Scanning legacy ...
22:276  0:021   8: 'EFI' (vista,win) add legacy
22:349  0:072   added 'Boot Windows from EFI' OSType=2 Icon=vista,win
22:373  0:024   9: '' (vista,win) add legacy
22:436  0:062   added 'Boot Windows from ' OSType=2 Icon=vista,win
22:461  0:024  10: '' (vista,win) add legacy
22:509  0:047   added 'Boot Windows from ' OSType=2 Icon=vista,win
22:534  0:024  === [ Dump SMC keys from NVRAM ] ==========================
23:739  1:205  found AppleSMC protocol
23:820  0:080  Registered 18 SMC keys
23:843  0:023  === [ ScanLoader ] ========================================
26:108  2:265  - [01]: 'EFI'
26:172  0:063  - [02]: 'Install macOS High Sierra'
26:238  0:066          AddLoaderEntry for Volume Name=Install macOS High Sierra
26:279  0:040  - [05]: 'EFI'
26:366  0:087  - [06]: 'Mac'
26:420  0:054          AddLoaderEntry for Volume Name=Mac
26:446  0:025      Check if volume Is Hibernated:
26:468  0:022      Check sleep image 'by signature':
26:505  0:037      using default sleep image name = \private\var\vm\sleepimage
26:532  0:027      sleepimage not found -> Not Found
26:554  0:021      hibernated: no - sign
26:595  0:040  - [07]: 'Recovery HD'
26:656  0:061          AddLoaderEntry for Volume Name=Recovery HD
26:695  0:038  - [08]: 'EFI'
26:757  0:061          AddLoaderEntry for Volume Name=EFI
26:813  0:056  - [09]: ''
27:445  0:632  - [10]: ''
27:506  0:060  === [ AddCustomTool ] =====================================
28:830  1:324  found tool \EFI\CLOVER\tools\Shell64U.efi
28:852  0:021  Checking EFI partition Volume 1 for Clover
28:874  0:021   Found Clover
28:897  0:022  === [ GetEfiBootDeviceFromNvram ] =========================
30:132  1:235  Default boot entry not found
30:154  0:021  DefaultIndex=-1 and MainMenu.EntryCount=13
30:269  0:114  GUI ready
46:969  16:699  Boot option Boot0000 not found
47:097  0:127  === [ StartLoader ] =======================================
48:473  1:375  Finally: ExternalClock=25MHz BusSpeed=100013kHz CPUFreq=-4294963696MHz PIS: hw.busfrequency=100000000Hz
48:516  0:043  Loading boot.efi  status=Success
48:700  0:183  GetOSVersion: 10.12.6 (16G29)
48:743  0:043  CSR_CFG: CSR_ALLOW_UNTRUSTED_KEXTS | CSR_ALLOW_UNRESTRICTED_FS
48:780  0:036  Filtering KextPatches:
48:802  0:021   - [00]: AppleAHCIPort (External icons patch) :: BinPatch :: [OS: 10.12.6 | MatchOS: All | MatchBuild: All] ==> allowed
48:845  0:043   - [01]: AppleUSBXHCIPCI (Change 15 port limit to 24 in 10.13 XHCI kext) :: BinPatch :: [OS: 10.12.6 | MatchOS: All | MatchBuild: All] ==> allowed
48:889  0:043  Will not patch boot.efi
48:910  0:021  === [ PatchSmbios ] =======================================
51:191  2:281  insert table 9 for dev 0:1
51:227  0:035  insert table 9 for dev 0:0
51:249  0:022  Detected alternating SMBIOS channel banks
51:271  0:021  Channels: 1
51:293  0:021  Interleave: 0 1 2 3 4 5 6 7 8 9 10 11 12 13 14 15 16 17 18 19 20 21 22 23
52:463  1:170  SMBIOS Type 17 Index = 0 => 0 0:
52:485  0:021  BANK 0 DIMM0 EMPTY
52:507  0:021  SMBIOS Type 17 Index = 1 => 1 1:
52:528  0:021  BANK 0 DIMM1 EMPTY
52:550  0:021  NumberOfMemoryDevices = 2
52:572  0:021  Table 131 is present, CPUType=35
52:609  0:036  Change to: 705
52:631  0:021  === [ PatchACPI ] =========================================
54:923  2:292  Xsdt reallocation done
54:944  0:021  old FADT length=114
54:966  0:021   SignatureFixup: 0xDE09937 -> 0x0
54:988  0:021  Apply DsdtFixMask=0x00000000
55:010  0:021     drop _DSM mask=0xFFFF
55:031  0:021  === [ FixBiosDsdt ] =======================================
56:509  1:477  VideoCard devID=0x59128086
56:531  0:021  DisplayADR1[0] = 0x20000, DisplayADR2[0] = 0xFFFE
57:140  0:608  USBADR[0] = 0x140000 and PCIe = 0xFFFE
57:175  0:035  Found Airport BCM at 0x1C0000, 0x0
57:211  0:035  Audio HDA (addr:0x1F0003) setting specified layout-id=1 (0x1)
57:233  0:021  first CPU found at 9658 offset 965B
57:254  0:021  score candidate at 9654
57:276  0:021  score inserted in acpi_cpu_score _PR_
57:298  0:021  Found ACPI CPU: PR00 | PR01 | PR02 | PR03 | PR04 | PR05 | PR06 | PR07 | PR08 | PR09 | PR10 | PR11 | PR12 | PR13 | PR14 | PR15 , within the score: _PR_
57:668  0:369  Found PCIROOTUID = 0
57:703  0:035  PreCleanup XSDT: count=26, length=244
58:330  0:626  PreCleanup XSDT, corrected XSDT: count=26, length=244
58:352  0:021  === [ ACPIDropTables ] ====================================
59:786  1:434  === [ PatchAllSSDT ] ======================================
61:125  1:339  CPUBase=0 and ApicCPUBase=1 ApicCPUNum=1
61:147  0:021  Cleanup XSDT: count=26, length=244
61:169  0:021  corrected XSDT count=26, length=244
61:190  0:021  === [ RestSetup macOS ] ===================================
62:574  1:383  Intel HD Graphics 630 [8086:5912] :: PciRoot(0x0)\Pci(0x2,0x0)
62:596  0:021    Found Full HD Display - 16:9 :: Width=1920 Height=1080
62:618  0:021    Beginning DualLink auto-detection
62:640  0:021    High Resolution Display
63:443  0:803    AAPL00,DualLink = 1
63:465  0:021    FakeID Intel GFX = 0x12345678
63:487  0:021    ig-platform-id: not set
63:509  0:021    Beginning Intel GFX auto-detection with ACPI injection
63:530  0:021    Found ig-platform-id = 0x59120000
63:566  0:035  Intel GFX revision  = 0x4
63:588  0:021   RCBA disabled; cannot use it
63:610  0:021   setting specified layout-id=1 (0x1)
63:631  0:021  stringlength = 1632
63:653  0:021  CurrentMode: Width=1920 Height=1080
63:675  0:021  Beginning FSInjection
63:709  0:034  Use origin smbios table type 1 guid.
63:745  0:035  Preparing kexts injection for arch=x86_64 from EFI\CLOVER\kexts\Other
63:767  0:021  Extra kext: EFI\CLOVER\kexts\Other\VoodooPS2Controller.kext (v.1.8.24)
63:800  0:032    |-- PlugIn kext: EFI\CLOVER\kexts\Other\VoodooPS2Controller.kext\Contents\PlugIns\VoodooPS2Trackpad.kext (v.1.8.24)
63:849  0:049    |-- PlugIn kext: EFI\CLOVER\kexts\Other\VoodooPS2Controller.kext\Contents\PlugIns\VoodooPS2Mouse.kext (v.1.8.24)
63:876  0:026    |-- PlugIn kext: EFI\CLOVER\kexts\Other\VoodooPS2Controller.kext\Contents\PlugIns\VoodooPS2Keyboard.kext (v.1.8.24)
63:910  0:034  Extra kext: EFI\CLOVER\kexts\Other\FakeSMC_LPCSensors.kext (v.1765)
64:062  0:151  Extra kext: EFI\CLOVER\kexts\Other\FakeSMC_GPUSensors.kext (v.1765)
64:111  0:048  Extra kext: EFI\CLOVER\kexts\Other\FakeSMC_CPUSensors.kext (v.1765)
64:140  0:029  Extra kext: EFI\CLOVER\kexts\Other\USBInjectAll.kext (v.0.6.4)
64:549  0:408  Extra kext: EFI\CLOVER\kexts\Other\RealtekRTL8111.kext (v.2.2.2)
65:236  0:687  Extra kext: EFI\CLOVER\kexts\Other\IntelMausiEthernet.kext (v.2.3.0)
65:268  0:031  Extra kext: EFI\CLOVER\kexts\Other\FakeSMC.kext (v.1765)
65:306  0:037  Extra kext: EFI\CLOVER\kexts\Other\FakeSMC_ACPISensors.kext (v.1765)
65:952  0:646  SetScreenResolution: 1920x1080 - already set
65:995  0:043  Custom boot is disabled
66:018  0:022  Closing log
0:100  0:100  MemLog inited, TSC freq: 3600494460
0:100  0:000  CPU was calibrated with RTC
0:100  0:000  
0:100  0:000  Now is 27.3.2018,  22:6:50 (GMT)
0:100  0:000  Starting Clover revision: 4411 on American Megatrends EFI
0:100  0:000  Build with: [Args: -mc --no-usb -D NO_GRUB_DRIVERS_EMBEDDED -t XCODE8 | -D DISABLE_USB_SUPPORT -D NO_GRUB_DRIVERS_EMBEDDED --conf=/Users/macman/src/edk2/Conf -D USE_BIOS_BLOCKIO -D USE_LOW_EBDA -a X64 -b RELEASE -t XCODE8 -n 9 | OS: 10.13.3 | XCODE: 9.2]
0:100  0:000  SelfDevicePath=PciRoot(0x0)\Pci(0x14,0x0)\USB(0x6,0x0)\HD(1,GPT,5B69A463-9904-4117-B47F-23B0C2D5CDF2,0x28,0x64000) @669A0F98
0:100  0:000  SelfDirPath = \EFI\BOOT
0:100  0:000  === [ Get Smbios ] ========================================
0:111  0:011  Type 16 Index = 0
0:112  0:000  Total Memory Slots Count = 2
0:112  0:000  Type 17 Index = 0
0:112  0:000  Ignoring insane frequency value 0MHz
0:112  0:000  SmbiosTable.Type17->Speed = 0MHz
0:112  0:000  SmbiosTable.Type17->Size = 0MB
0:112  0:000  SmbiosTable.Type17->Bank/Device = BANK 0 ChannelA-DIMM0
0:112  0:000  SmbiosTable.Type17->Vendor = <null string>
0:112  0:000  SmbiosTable.Type17->SerialNumber = <null string>
0:112  0:000  SmbiosTable.Type17->PartNumber = <null string>
0:112  0:000  Type 17 Index = 1
0:112  0:000  SmbiosTable.Type17->Speed = 3200MHz
0:112  0:000  SmbiosTable.Type17->Size = 16384MB
0:112  0:000  SmbiosTable.Type17->Bank/Device = BANK 2 ChannelB-DIMM0
0:112  0:000  SmbiosTable.Type17->Vendor = Micron
0:112  0:000  SmbiosTable.Type17->SerialNumber = 1916C286
0:112  0:000  SmbiosTable.Type17->PartNumber = 16ATF2G64HZ-3G2E1   
0:112  0:000  Boot status=0
0:112  0:000  Running on: 'W650KL ' with board 'W650KL '
0:112  0:000  === [ GetCPUProperties ] ==================================
0:112  0:000  CPU Vendor = 756E6547 Model=906E9
0:112  0:000   The CPU supported SSE4.1
0:112  0:000  BrandString = Intel(R) Core(TM) i7-7700 CPU @ 3.60GHz
0:112  0:000   The CPU supported turbo
0:112  0:000  MSR 0x35               40008
0:112  0:000   TSC/CCC Information Leaf:
0:112  0:000    numerator     : 300
0:112  0:000    denominator   : 2
0:112  0:000   Calibrated ARTFrequency: 24003296
0:112  0:000  MSR 0xE2 before patch 1E008006
0:112  0:000  MSR 0xE2 is locked, PM patches will be turned on
0:112  0:000  MSR 0xCE              08080838_F1012400
0:112  0:000  corrected FLEX_RATIO = 0
0:112  0:000  MSR 0x1B0             00000000
0:112  0:000  FSBFrequency = 100 MHz, DMI FSBFrequency = 100 MHz, Corrected FSBFrequency = 100 MHz
0:112  0:000  MaxDiv/MinDiv: 36.0/8
0:112  0:000  Turbo: 40/41/41/42
0:112  0:000  Features: 0xBFEBFBFF
0:112  0:000  Threads: 8
0:112  0:000  Cores: 4
0:112  0:000  FSB: 100 MHz
0:112  0:000  CPU: 3600 MHz
0:112  0:000  TSC: 3600 MHz
0:112  0:000  PIS: 100 MHz
0:112  0:000  ExternalClock: 25 MHz
0:112  0:000  === [ GetDevices ] ========================================
0:112  0:000  PCI (00|00:00.00) : 8086 591F class=060000
0:112  0:000  PCI (00|00:01.00) : 8086 1901 class=060400
0:112  0:000  PCI (00|01:00.00) : 10DE 1D10 class=030200
0:112  0:000  PCI (00|00:02.00) : 8086 5912 class=030000
0:112  0:000   - GFX: Model=Intel HD Graphics 630 (Intel)
0:112  0:000  PCI (00|00:14.00) : 8086 A12F class=0C0330
0:112  0:000  PCI (00|00:16.00) : 8086 A13A class=078000
0:112  0:000  PCI (00|00:17.00) : 8086 A102 class=010601
0:112  0:000  PCI (00|00:1C.00) : 8086 A115 class=060400
0:112  0:000  PCI (00|02:00.00) : 14E4 43B1 class=028000
0:112  0:000   - WIFI: Vendor=Broadcom
0:112  0:000  PCI (00|00:1C.07) : 8086 A117 class=060400
0:112  0:000  PCI (00|03:00.00) : 10EC 5287 class=FF0000
0:112  0:000  PCI (00|03:00.01) : 10EC 8168 class=020000
0:112  0:000   - LAN: 0 Vendor=Realtek
0:112  0:000  PCI (00|00:1F.00) : 8086 A143 class=060100
0:112  0:000  PCI (00|00:1F.02) : 8086 A121 class=058000
0:112  0:000  PCI (00|00:1F.03) : 8086 A170 class=040300
0:112  0:000  PCI (00|00:1F.04) : 8086 A123 class=0C0500
0:112  0:000  === [ GetDefaultSettings ] ================================
0:112  0:000  Clover load options size = 0 bytes
0:123  0:010  EFI\CLOVER\config.plist loaded: Success
0:139  0:016  === [ GetListOfThemes ] ===================================
0:143  0:003  - [00]: embedded
0:143  0:000  - [00]: random
0:146  0:002  - [00]: tonymacx86
0:152  0:005  === [ Found config plists ] ===============================
0:152  0:000  - config.plist
0:152  0:000  === [ GetEarlyUserSettings ] ==============================
0:152  0:000  timeout set to 0
0:152  0:000  Custom boot CUSTOM_BOOT_DISABLED (0x0)
0:998  0:846  KextsToPatch: 2 requested
1:796  0:798   - [00]: AppleAHCIPort (External icons patch) :: BinPatch :: data len: 8
1:952  0:155   - [01]: AppleUSBXHCIPCI (Change 15 port limit to 24 in 10.13 XHCI kext) :: BinPatch :: data len: 4
2:107  0:155  Default theme: tonymacx86
2:145  0:038  Hiding entries with string Windows
2:184  0:038  Hiding entries with string BOOTX64.EFI
2:258  0:073  === [ LoadDrivers ] =======================================
3:906  1:648  Loading AppleImageCodec-64.efi  status=Success
4:029  0:122  Loading AppleKeyAggregator-64.efi  status=Success
4:150  0:121  Loading AppleUITheme-64.efi  status=Success
4:277  0:126  Loading DataHubDxe-64.efi  status=Success
4:397  0:119  Loading FirmwareVolume-64.efi  status=Success
4:516  0:118  Loading FSInject-64.efi  status=Success
4:637  0:121  Loading OsxAptioFix2Drv-64.efi  status=Success
4:808  0:170  Loading SMCHelper-64.efi  status=Success
4:926  0:118  Loading VBoxHfs-64.efi  status=Success
5:048  0:121   - driver needs connecting
5:087  0:038  Loading apfs.efi  status=Success
5:232  0:145   - driver needs connecting
5:271  0:038  2 drivers needs connecting ...
5:318  0:046  PlatformDriverOverrideProtocol not found. Installing ... Success
5:396  0:077  APFS driver loaded
5:434  0:038  Searching for invalid DiskIo BY_DRIVER connects: not found, all ok
5:644  0:209  === [ InitScreen ] ========================================
7:331  1:687  SetScreenResolution: 1920x1080 - already set
7:417  0:085  Console modes reported: 3, available modes:
7:456  0:038   - [01]: 80x25
7:495  0:038   - [02]: 80x50
7:534  0:038   - [03]: 100x31 (current mode)
7:572  0:038  SetScreenResolution: 1920x1080 - already set
7:650  0:077  reinit: self device path=PciRoot(0x0)\Pci(0x14,0x0)\USB(0x6,0x0)\HD(1,GPT,5B69A463-9904-4117-B47F-23B0C2D5CDF2,0x28,0x64000)
7:689  0:038  === [ GetMacAddress ] =====================================
9:286  1:596  MAC address of LAN #0= 80:FA:5B:50:6E:9B:
9:604  0:318  === [ ScanSPD ] ===========================================
11:407  1:803  SMBus device : 8086 A123 class=0C0500 status=Success
11:454  0:046  SMBus CmdReg: 0x3
11:493  0:038  Scanning SMBus [8086:A123], mmio: 0xDF62A004, ioport: 0xF040, hostc: 0x11
11:532  0:038  Slots to scan [8]...
11:571  0:039  SPD[2]: Type 12 @0x52
11:628  0:056  DDR speed 3200MHz
11:666  0:038  Slot: 2 Type 26 16384MB 3200MHz Vendor=Micron Technology PartNo=16ATF2G64HZ-3G2E1 SerialNo=010901060C020806
11:733  0:066  === [ GetAcpiTablesList ] =================================
13:149  1:415  Get Acpi Tables List from RSDT:
13:227  0:077   - [00]: FACP  A M I  len=132
13:265  0:038   - [01]: APIC  A M I  len=188
13:304  0:038   - [02]: FPDT  A M I  len=68
13:343  0:038   - [03]: FIDT  A M I len=156
13:382  0:038   - [04]: MCFG  A M I  len=60
13:421  0:038   - [05]: SSDT  SataTabl len=931
13:468  0:046   - [06]: SSDT  SaSsdt  len=12862
13:534  0:065   - [07]: SSDT  PegSsdt len=10678
13:572  0:038   - [08]: HPET  KBL len=56
13:611  0:038   - [09]: UEFI  A M I  len=66
13:650  0:038   - [10]: SSDT  CpuSsdt len=6062
13:689  0:038   - [11]: LPIT  KBL len=148
13:727  0:038   - [12]: SSDT  HdaDsp len=321
13:766  0:038   - [13]: SSDT  sensrhub len=671
13:805  0:038   - [14]: SSDT  PtidDevc len=12290
13:844  0:038   - [15]: SSDT  TbtTypeC len=1303
13:882  0:038   - [16]: DBGP   len=52
13:929  0:046   - [17]: DBG2   len=84
13:995  0:065   - [18]: SSDT  UsbCTabl len=4272
14:034  0:038   - [19]: SSDT  SgPeg len=174
14:073  0:038   - [20]: DMAR  KBL  len=168
14:111  0:038   - [21]: TPM2  A M I  len=52
14:158  0:046   - [22]: BGRT  A M I  len=56
14:205  0:046   - [23]: SSDT  OptTabl len=8049
14:244  0:038   - [24]: ASF!   HCG len=160
14:283  0:038   - [25]: WSMT  A M I  len=40
14:322  0:038  Calibrated TSC Frequency = 3600494460 = 3600MHz
14:361  0:038  === [ GetUserSettings ] ===================================
15:865  1:504  USB FixOwnership: no
15:911  0:046  Dropping 1 tables:
15:950  0:038   - [00]: Drop table  signature="MATS" (5354414D)
16:277  0:326           - set table: 5354414D,                0 to drop: no
16:355  0:078   - final DSDT Fix mask=00000000
16:394  0:038  Using ProductName from config: iMac14,2
16:440  0:046  BiosVersion: not set, Using BiosVersion from clover
16:479  0:038  BiosVersion: IM142.88Z.0125.B00.1801081338
16:518  0:038  BiosReleaseDate: 01/08/2018
16:584  0:065  Using FirmwareFeatures from clover: 0xE00FE137
16:623  0:038  Using FirmwareFeaturesMask from clover: 0xFF1FFF3F
16:662  0:038  Using PlatformFeature from clover: 0x1
16:880  0:218  === [ ScanVolumes ] =======================================
18:528  1:648  Found 11 volumes with blockIO
18:567  0:038  - [00]: Volume: PciRoot(0x0)\Pci(0x14,0x0)\USB(0x6,0x0)
18:654  0:086          USB volume
18:693  0:038  - [01]: Volume: PciRoot(0x0)\Pci(0x14,0x0)\USB(0x6,0x0)\HD(1,GPT,5B69A463-9904-4117-B47F-23B0C2D5CDF2,0x28,0x64000)
18:798  0:105          Result of bootcode detection: bootable unknown (legacy)
18:837  0:038          USB volume
18:876  0:038          This is SelfVolume !!
18:914  0:038  - [02]: Volume: PciRoot(0x0)\Pci(0x14,0x0)\USB(0x6,0x0)\HD(2,GPT,2BFE5764-18F1-4ACD-9C77-9CBE7ECFA875,0x64028,0xDCA3A8)
18:993  0:078          USB volume
19:032  0:038  - [03]: Volume: PciRoot(0x0)\Pci(0x17,0x0)\Sata(0x2,0xFFFF,0x0)
19:120  0:087  - [04]: Volume: PciRoot(0x0)\Pci(0x17,0x0)\Sata(0x3,0xFFFF,0x0)
19:228  0:108  - [05]: Volume: PciRoot(0x0)\Pci(0x17,0x0)\Sata(0x2,0xFFFF,0x0)\HD(1,GPT,C2A44F20-2559-4E7B-AF60-29082AE1D2B9,0x28,0x64000)
19:308  0:079          Result of bootcode detection: bootable unknown (legacy)
19:348  0:040  - [06]: Volume: PciRoot(0x0)\Pci(0x17,0x0)\Sata(0x2,0xFFFF,0x0)\HD(2,GPT,31495661-08A4-430A-A1FA-ABB331831650,0x64028,0xECE2340)
19:426  0:078  - [07]: Volume: PciRoot(0x0)\Pci(0x17,0x0)\Sata(0x2,0xFFFF,0x0)\HD(3,GPT,862C267E-0A09-42CF-AC13-20E330655FF8,0xED46368,0x135F20)
19:548  0:121  - [08]: Volume: PciRoot(0x0)\Pci(0x17,0x0)\Sata(0x3,0xFFFF,0x0)\HD(1,GPT,EB265C1F-19AC-4FD3-AC89-CE9D802C4E16,0x1000,0x31000)
19:637  0:089          Result of bootcode detection: bootable Windows (vista,win)
19:681  0:043  - [09]: Volume: PciRoot(0x0)\Pci(0x17,0x0)\Sata(0x3,0xFFFF,0x0)\HD(2,GPT,E008A9B8-BF6E-4D1A-919F-2E3CB6388052,0x32000,0x19001000)
19:759  0:078          Result of bootcode detection: bootable Windows (vista,win)
19:798  0:038  - [10]: Volume: PciRoot(0x0)\Pci(0x17,0x0)\Sata(0x3,0xFFFF,0x0)\HD(3,GPT,D5644571-259F-11E8-88E5-80FA5B506E9B,0x19033000,0x229AD2B0)
19:903  0:105          Result of bootcode detection: bootable Windows (vista,win)
19:942  0:038  === [ InitTheme ] =========================================
21:679  1:736  Using theme 'tonymacx86' (EFI\CLOVER\themes\tonymacx86)
21:717  0:038  Loading font from ThemeDir: Error
21:757  0:039  Choosing theme tonymacx86
21:796  0:039  after NVRAM boot-args=dart=0
21:835  0:038  Scanning legacy ...
21:901  0:065   8: 'EFI' (vista,win) add legacy
22:010  0:108   added 'Boot Windows from EFI' OSType=2 Icon=vista,win
22:059  0:049   9: '' (vista,win) add legacy
22:137  0:078   added 'Boot Windows from ' OSType=2 Icon=vista,win
22:176  0:038  10: '' (vista,win) add legacy
22:254  0:078   added 'Boot Windows from ' OSType=2 Icon=vista,win
22:293  0:038  === [ Dump SMC keys from NVRAM ] ==========================
23:413  1:120  found AppleSMC protocol
23:511  0:097  Registered 18 SMC keys
23:552  0:040  === [ ScanLoader ] ========================================
25:276  1:723  - [01]: 'EFI'
25:371  0:094  - [02]: 'Clover'
25:463  0:091  - [05]: 'EFI'
25:578  0:115  - [06]: 'Mac'
25:664  0:085          AddLoaderEntry for Volume Name=Mac
25:714  0:050      Check if volume Is Hibernated:
25:753  0:038      Check sleep image 'by signature':
25:807  0:053      using default sleep image name = \private\var\vm\sleepimage
25:851  0:044      sleepimage not found -> Not Found
25:898  0:046      hibernated: no - sign
25:989  0:090  - [07]: 'Recovery HD'
26:069  0:080          AddLoaderEntry for Volume Name=Recovery HD
26:121  0:052  - [08]: 'EFI'
26:214  0:092          AddLoaderEntry for Volume Name=EFI
26:284  0:069  - [09]: ''
26:381  0:097  - [10]: ''
26:470  0:088  === [ AddCustomTool ] =====================================
28:024  1:554  found tool \EFI\CLOVER\tools\Shell64U.efi
28:071  0:047  Checking EFI partition Volume 1 for Clover
28:118  0:047   Found Clover
28:161  0:042  === [ GetEfiBootDeviceFromNvram ] =========================
29:272  1:111   - efi-boot-device-data: PciRoot(0x0)\Pci(0x17,0x0)\Sata(0x2,0xFFFF,0x0)\HD(2,GPT,31495661-08A4-430A-A1FA-ABB331831650,0x64028,0xECE2340)
29:311  0:038    - Volume: 'PciRoot(0x0)\Pci(0x17,0x0)\Sata(0x2,0xFFFF,0x0)\HD(2,GPT,31495661-08A4-430A-A1FA-ABB331831650,0x64028,0xECE2340)'
29:358  0:047    - LoaderPath: '<null string>'
29:397  0:038    - Guid = 31495661-08A4-430A-A1FA-ABB331831650
29:436  0:038  === [ FindStartupDiskVolume ] =============================
30:699  1:263    - Volume: partition = PciRoot(0x0)\Pci(0x17,0x0)\Sata(0x2,0xFFFF,0x0)\HD(2,GPT,31495661-08A4-430A-A1FA-ABB331831650,0x64028,0xECE2340)
30:738  0:038     - searching for that partition
30:777  0:038      - found entry 3. 'Boot macOS from Mac', Volume 'Mac'
30:824  0:047  Boot redirected to Entry 3. 'Boot macOS from Mac'
30:863  0:038  DefaultIndex=3 and MainMenu.EntryCount=12
30:901  0:038  === [ StartLoader ] =======================================
32:550  1:648  Finally: ExternalClock=25MHz BusSpeed=100013kHz CPUFreq=3600MHz PIS: hw.busfrequency=100000000Hz
32:654  0:104  Loading boot.efi  status=Success
32:889  0:234  GetOSVersion: 10.12.6 (16G29)
32:975  0:085  CSR_CFG: CSR_ALLOW_UNTRUSTED_KEXTS | CSR_ALLOW_UNRESTRICTED_FS
33:014  0:038  Filtering KextPatches:
33:052  0:038   - [00]: AppleAHCIPort (External icons patch) :: BinPatch :: [OS: 10.12.6 | MatchOS: All | MatchBuild: All] ==> allowed
33:130  0:077   - [01]: AppleUSBXHCIPCI (Change 15 port limit to 24 in 10.13 XHCI kext) :: BinPatch :: [OS: 10.12.6 | MatchOS: All | MatchBuild: All] ==> allowed
33:235  0:104  Will not patch boot.efi
33:273  0:038  === [ PatchSmbios ] =======================================
34:921  1:647  insert table 9 for dev 0:1
34:968  0:046  insert table 9 for dev 0:0
35:007  0:039  Detected alternating SMBIOS channel banks
35:046  0:038  Channels: 1
35:085  0:038  Interleave: 0 1 2 3 4 5 6 7 8 9 10 11 12 13 14 15 16 17 18 19 20 21 22 23
36:126  1:040  SMBIOS Type 17 Index = 0 => 0 0:
36:192  0:065  BANK 0 DIMM0 EMPTY
36:230  0:038  SMBIOS Type 17 Index = 1 => 1 1:
36:269  0:038  BANK 0 DIMM1 EMPTY
36:308  0:038  NumberOfMemoryDevices = 2
36:347  0:038  Table 131 is present, CPUType=35
36:394  0:046  Change to: 705
36:448  0:054  === [ PatchACPI ] =========================================
38:158  1:709  Xsdt reallocation done
38:197  0:038  old FADT length=114
38:235  0:038   SignatureFixup: 0xDE09937 -> 0x0
38:274  0:038  Apply DsdtFixMask=0x00000000
38:313  0:038     drop _DSM mask=0xFFFF
38:379  0:065  === [ FixBiosDsdt ] =======================================
40:035  1:655  VideoCard devID=0x59128086
40:073  0:038  DisplayADR1[0] = 0x20000, DisplayADR2[0] = 0xFFFE
40:112  0:038  USBADR[0] = 0x140000 and PCIe = 0xFFFE
40:151  0:038  Found Airport BCM at 0x1C0000, 0x0
40:204  0:052  Audio HDA (addr:0x1F0003) setting specified layout-id=1 (0x1)
40:243  0:038  first CPU found at 9658 offset 965B
40:281  0:038  score candidate at 9654
40:320  0:038  score inserted in acpi_cpu_score _PR_
40:387  0:066  Found ACPI CPU: PR00 | PR01 | PR02 | PR03 | PR04 | PR05 | PR06 | PR07 | PR08 | PR09 | PR10 | PR11 | PR12 | PR13 | PR14 | PR15 , within the score: _PR_
41:080  0:692  Found PCIROOTUID = 0
41:118  0:038  PreCleanup XSDT: count=26, length=244
41:157  0:038  PreCleanup XSDT, corrected XSDT: count=26, length=244
41:196  0:038  === [ ACPIDropTables ] ====================================
42:727  1:531  === [ PatchAllSSDT ] ======================================
44:346  1:618  CPUBase=0 and ApicCPUBase=1 ApicCPUNum=1
44:386  0:040  Cleanup XSDT: count=26, length=244
44:425  0:038  corrected XSDT count=26, length=244
44:472  0:046  === [ RestSetup macOS ] ===================================
45:958  1:485  Intel HD Graphics 630 [8086:5912] :: PciRoot(0x0)\Pci(0x2,0x0)
46:005  0:047    Found Full HD Display - 16:9 :: Width=1920 Height=1080
46:044  0:038    Beginning DualLink auto-detection
46:082  0:038    High Resolution Display
46:121  0:038    AAPL00,DualLink = 1
46:187  0:065    FakeID Intel GFX = 0x12345678
46:226  0:038    ig-platform-id: not set
46:265  0:038    Beginning Intel GFX auto-detection with ACPI injection
46:303  0:038    Found ig-platform-id = 0x59120000
46:342  0:038  Intel GFX revision  = 0x4
46:381  0:039   RCBA disabled; cannot use it
46:420  0:038   setting specified layout-id=1 (0x1)
46:467  0:047  stringlength = 1632
46:506  0:038  CurrentMode: Width=1920 Height=1080
46:545  0:038  Beginning FSInjection
46:592  0:047  Use origin smbios table type 1 guid.
46:680  0:087  Preparing kexts injection for arch=x86_64 from EFI\CLOVER\kexts\Other
46:727  0:047  Extra kext: EFI\CLOVER\kexts\Other\VoodooPS2Controller.kext (v.1.8.24)
46:770  0:043    |-- PlugIn kext: EFI\CLOVER\kexts\Other\VoodooPS2Controller.kext\Contents\PlugIns\VoodooPS2Trackpad.kext (v.1.8.24)
46:819  0:048    |-- PlugIn kext: EFI\CLOVER\kexts\Other\VoodooPS2Controller.kext\Contents\PlugIns\VoodooPS2Mouse.kext (v.1.8.24)
46:862  0:042    |-- PlugIn kext: EFI\CLOVER\kexts\Other\VoodooPS2Controller.kext\Contents\PlugIns\VoodooPS2Keyboard.kext (v.1.8.24)
46:943  0:080  Extra kext: EFI\CLOVER\kexts\Other\USBInjectAll.kext (v.0.6.4)
47:311  0:368  Extra kext: EFI\CLOVER\kexts\Other\RealtekRTL8111.kext (v.2.2.2)
47:374  0:063  Extra kext: EFI\CLOVER\kexts\Other\FakeSMC.kext (v.1765)
47:430  0:055  Extra kext: EFI\CLOVER\kexts\Other\FakePCIID.kext (v.1.3.6)
47:477  0:047  SetScreenResolution: 1920x1080 - already set
47:555  0:077  Custom boot is disabled
47:595  0:040  Closing log
0:100  0:100  MemLog inited, TSC freq: 3600507960
0:100  0:000  CPU was calibrated with RTC
0:100  0:000  
0:100  0:000  Now is 27.3.2018,  22:9:27 (GMT)
0:100  0:000  Starting Clover revision: 4411 on American Megatrends EFI
0:100  0:000  Build with: [Args: -mc --no-usb -D NO_GRUB_DRIVERS_EMBEDDED -t XCODE8 | -D DISABLE_USB_SUPPORT -D NO_GRUB_DRIVERS_EMBEDDED --conf=/Users/macman/src/edk2/Conf -D USE_BIOS_BLOCKIO -D USE_LOW_EBDA -a X64 -b RELEASE -t XCODE8 -n 9 | OS: 10.13.3 | XCODE: 9.2]
0:100  0:000  SelfDevicePath=PciRoot(0x0)\Pci(0x14,0x0)\USB(0x6,0x0)\HD(1,GPT,5B69A463-9904-4117-B47F-23B0C2D5CDF2,0x28,0x64000) @669A0F98
0:100  0:000  SelfDirPath = \EFI\BOOT
0:100  0:000  === [ Get Smbios ] ========================================
0:111  0:011  Type 16 Index = 0
0:111  0:000  Total Memory Slots Count = 2
0:111  0:000  Type 17 Index = 0
0:111  0:000  Ignoring insane frequency value 0MHz
0:111  0:000  SmbiosTable.Type17->Speed = 0MHz
0:111  0:000  SmbiosTable.Type17->Size = 0MB
0:111  0:000  SmbiosTable.Type17->Bank/Device = BANK 0 ChannelA-DIMM0
0:111  0:000  SmbiosTable.Type17->Vendor = <null string>
0:111  0:000  SmbiosTable.Type17->SerialNumber = <null string>
0:111  0:000  SmbiosTable.Type17->PartNumber = <null string>
0:111  0:000  Type 17 Index = 1
0:111  0:000  SmbiosTable.Type17->Speed = 3200MHz
0:111  0:000  SmbiosTable.Type17->Size = 16384MB
0:111  0:000  SmbiosTable.Type17->Bank/Device = BANK 2 ChannelB-DIMM0
0:111  0:000  SmbiosTable.Type17->Vendor = Micron
0:111  0:000  SmbiosTable.Type17->SerialNumber = 1916C286
0:111  0:000  SmbiosTable.Type17->PartNumber = 16ATF2G64HZ-3G2E1   
0:111  0:000  Boot status=0
0:111  0:000  Running on: 'W650KL ' with board 'W650KL '
0:111  0:000  === [ GetCPUProperties ] ==================================
0:111  0:000  CPU Vendor = 756E6547 Model=906E9
0:111  0:000   The CPU supported SSE4.1
0:111  0:000  BrandString = Intel(R) Core(TM) i7-7700 CPU @ 3.60GHz
0:111  0:000   The CPU supported turbo
0:111  0:000  MSR 0x35               40008
0:111  0:000   TSC/CCC Information Leaf:
0:111  0:000    numerator     : 300
0:111  0:000    denominator   : 2
0:111  0:000   Calibrated ARTFrequency: 24003386
0:111  0:000  MSR 0xE2 before patch 1E008006
0:111  0:000  MSR 0xE2 is locked, PM patches will be turned on
0:111  0:000  MSR 0xCE              08080838_F1012400
0:111  0:000  corrected FLEX_RATIO = 0
0:111  0:000  MSR 0x1B0             00000000
0:111  0:000  FSBFrequency = 100 MHz, DMI FSBFrequency = 100 MHz, Corrected FSBFrequency = 100 MHz
0:111  0:000  MaxDiv/MinDiv: 36.0/8
0:111  0:000  Turbo: 40/41/41/42
0:111  0:000  Features: 0xBFEBFBFF
0:111  0:000  Threads: 8
0:111  0:000  Cores: 4
0:111  0:000  FSB: 100 MHz
0:111  0:000  CPU: 3600 MHz
0:111  0:000  TSC: 3600 MHz
0:111  0:000  PIS: 100 MHz
0:111  0:000  ExternalClock: 25 MHz
0:111  0:000  === [ GetDevices ] ========================================
0:112  0:000  PCI (00|00:00.00) : 8086 591F class=060000
0:112  0:000  PCI (00|00:01.00) : 8086 1901 class=060400
0:112  0:000  PCI (00|01:00.00) : 10DE 1D10 class=030200
0:112  0:000  PCI (00|00:02.00) : 8086 5912 class=030000
0:112  0:000   - GFX: Model=Intel HD Graphics 630 (Intel)
0:112  0:000  PCI (00|00:14.00) : 8086 A12F class=0C0330
0:112  0:000  PCI (00|00:16.00) : 8086 A13A class=078000
0:112  0:000  PCI (00|00:17.00) : 8086 A102 class=010601
0:112  0:000  PCI (00|00:1C.00) : 8086 A115 class=060400
0:112  0:000  PCI (00|02:00.00) : 14E4 43B1 class=028000
0:112  0:000   - WIFI: Vendor=Broadcom
0:112  0:000  PCI (00|00:1C.07) : 8086 A117 class=060400
0:112  0:000  PCI (00|03:00.00) : 10EC 5287 class=FF0000
0:112  0:000  PCI (00|03:00.01) : 10EC 8168 class=020000
0:112  0:000   - LAN: 0 Vendor=Realtek
0:112  0:000  PCI (00|00:1F.00) : 8086 A143 class=060100
0:112  0:000  PCI (00|00:1F.02) : 8086 A121 class=058000
0:112  0:000  PCI (00|00:1F.03) : 8086 A170 class=040300
0:112  0:000  PCI (00|00:1F.04) : 8086 A123 class=0C0500
0:112  0:000  === [ GetDefaultSettings ] ================================
0:112  0:000  Clover load options size = 0 bytes
0:122  0:010  EFI\CLOVER\config.plist loaded: Success
0:138  0:015  === [ GetListOfThemes ] ===================================
0:141  0:003  - [00]: embedded
0:141  0:000  - [00]: random
0:144  0:002  - [00]: tonymacx86
0:150  0:005  === [ Found config plists ] ===============================
0:150  0:000  - config.plist
0:150  0:000  === [ GetEarlyUserSettings ] ==============================
0:150  0:000  timeout set to 0
0:150  0:000  Custom boot CUSTOM_BOOT_DISABLED (0x0)
0:218  0:067  KextsToPatch: 2 requested
0:257  0:038   - [00]: AppleAHCIPort (External icons patch) :: BinPatch :: data len: 8
0:420  0:163   - [01]: AppleUSBXHCIPCI (Change 15 port limit to 24 in 10.13 XHCI kext) :: BinPatch :: data len: 4
0:575  0:155  Default theme: tonymacx86
0:614  0:038  Hiding entries with string Windows
0:653  0:038  Hiding entries with string BOOTX64.EFI
0:708  0:055  === [ LoadDrivers ] =======================================
2:375  1:666  Loading AppleImageCodec-64.efi  status=Success
2:496  0:121  Loading AppleKeyAggregator-64.efi  status=Success
2:618  0:121  Loading AppleUITheme-64.efi  status=Success
2:745  0:127  Loading DataHubDxe-64.efi  status=Success
2:881  0:136  Loading FirmwareVolume-64.efi  status=Success
3:000  0:118  Loading FSInject-64.efi  status=Success
3:122  0:121  Loading OsxAptioFix2Drv-64.efi  status=Success
3:241  0:119  Loading SMCHelper-64.efi  status=Success
3:368  0:126  Loading VBoxHfs-64.efi  status=Success
3:517  0:149   - driver needs connecting
3:555  0:038  Loading apfs.efi  status=Success
3:700  0:144   - driver needs connecting
3:739  0:038  2 drivers needs connecting ...
3:778  0:038  PlatformDriverOverrideProtocol not found. Installing ... Success
3:880  0:102  APFS driver loaded
3:919  0:038  Searching for invalid DiskIo BY_DRIVER connects: not found, all ok
4:102  0:182  === [ InitScreen ] ========================================
5:771  1:669  SetScreenResolution: 1920x1080 - already set
5:876  0:104  Console modes reported: 3, available modes:
5:914  0:038   - [01]: 80x25
5:961  0:046   - [02]: 80x50
6:017  0:055   - [03]: 100x31 (current mode)
6:055  0:038  SetScreenResolution: 1920x1080 - already set
6:133  0:077  reinit: self device path=PciRoot(0x0)\Pci(0x14,0x0)\USB(0x6,0x0)\HD(1,GPT,5B69A463-9904-4117-B47F-23B0C2D5CDF2,0x28,0x64000)
6:172  0:038  === [ GetMacAddress ] =====================================
7:727  1:554  MAC address of LAN #0= 80:FA:5B:50:6E:9B:
8:088  0:361  === [ ScanSPD ] ===========================================
9:874  1:786  SMBus device : 8086 A123 class=0C0500 status=Success
9:913  0:038  SMBus CmdReg: 0x3
9:959  0:046  Scanning SMBus [8086:A123], mmio: 0xDF62A004, ioport: 0xF040, hostc: 0x11
9:998  0:038  Slots to scan [8]...
10:046  0:047  SPD[2]: Type 12 @0x52
10:111  0:064  DDR speed 3200MHz
10:149  0:038  Slot: 2 Type 26 16384MB 3200MHz Vendor=Micron Technology PartNo=16ATF2G64HZ-3G2E1 SerialNo=010901060C020806
10:189  0:039  === [ GetAcpiTablesList ] =================================
11:615  1:425  Get Acpi Tables List from RSDT:
11:692  0:077   - [00]: FACP  A M I  len=132
11:731  0:038   - [01]: APIC  A M I  len=188
11:770  0:038   - [02]: FPDT  A M I  len=68
11:808  0:038   - [03]: FIDT  A M I len=156
11:847  0:038   - [04]: MCFG  A M I  len=60
11:886  0:038   - [05]: SSDT  SataTabl len=931
11:925  0:038   - [06]: SSDT  SaSsdt  len=12862
11:972  0:046   - [07]: SSDT  PegSsdt len=10678
12:011  0:038   - [08]: HPET  KBL len=56
12:076  0:065   - [09]: UEFI  A M I  len=66
12:115  0:038   - [10]: SSDT  CpuSsdt len=6062
12:162  0:046   - [11]: LPIT  KBL len=148
12:209  0:047   - [12]: SSDT  HdaDsp len=321
12:249  0:040   - [13]: SSDT  sensrhub len=671
12:288  0:038   - [14]: SSDT  PtidDevc len=12290
12:327  0:038   - [15]: SSDT  TbtTypeC len=1303
12:365  0:038   - [16]: DBGP   len=52
12:404  0:038   - [17]: DBG2   len=84
12:451  0:046   - [18]: SSDT  UsbCTabl len=4272
12:490  0:038   - [19]: SSDT  SgPeg len=174
12:556  0:065   - [20]: DMAR  KBL  len=168
12:595  0:038   - [21]: TPM2  A M I  len=52
12:633  0:038   - [22]: BGRT  A M I  len=56
12:672  0:038   - [23]: SSDT  OptTabl len=8049
12:711  0:038   - [24]: ASF!   HCG len=160
12:749  0:038   - [25]: WSMT  A M I  len=40
12:788  0:038  Calibrated TSC Frequency = 3600507960 = 3600MHz
12:827  0:038  === [ GetUserSettings ] ===================================
14:356  1:529  USB FixOwnership: no
14:395  0:038  Dropping 1 tables:
14:434  0:038   - [00]: Drop table  signature="MATS" (5354414D)
14:780  0:345           - set table: 5354414D,                0 to drop: no
14:857  0:077   - final DSDT Fix mask=00000000
14:896  0:038  Using ProductName from config: iMac14,2
14:935  0:038  BiosVersion: not set, Using BiosVersion from clover
14:981  0:046  BiosVersion: IM142.88Z.0125.B00.1801081338
15:020  0:038  BiosReleaseDate: 01/08/2018
15:059  0:038  Using FirmwareFeatures from clover: 0xE00FE137
15:098  0:038  Using FirmwareFeaturesMask from clover: 0xFF1FFF3F
15:164  0:065  Using PlatformFeature from clover: 0x1
15:382  0:218  === [ ScanVolumes ] =======================================
17:030  1:648  Found 11 volumes with blockIO
17:069  0:038  - [00]: Volume: PciRoot(0x0)\Pci(0x14,0x0)\USB(0x6,0x0)
17:155  0:086          USB volume
17:194  0:038  - [01]: Volume: PciRoot(0x0)\Pci(0x14,0x0)\USB(0x6,0x0)\HD(1,GPT,5B69A463-9904-4117-B47F-23B0C2D5CDF2,0x28,0x64000)
17:273  0:078          Result of bootcode detection: bootable unknown (legacy)
17:311  0:038          USB volume
17:377  0:065          This is SelfVolume !!
17:416  0:038  - [02]: Volume: PciRoot(0x0)\Pci(0x14,0x0)\USB(0x6,0x0)\HD(2,GPT,2BFE5764-18F1-4ACD-9C77-9CBE7ECFA875,0x64028,0xDCA3A8)
17:495  0:078          USB volume
17:542  0:047  - [03]: Volume: PciRoot(0x0)\Pci(0x17,0x0)\Sata(0x2,0xFFFF,0x0)
17:638  0:096  - [04]: Volume: PciRoot(0x0)\Pci(0x17,0x0)\Sata(0x3,0xFFFF,0x0)
17:719  0:081  - [05]: Volume: PciRoot(0x0)\Pci(0x17,0x0)\Sata(0x2,0xFFFF,0x0)\HD(1,GPT,C2A44F20-2559-4E7B-AF60-29082AE1D2B9,0x28,0x64000)
17:826  0:106          Result of bootcode detection: bootable unknown (legacy)
17:866  0:040  - [06]: Volume: PciRoot(0x0)\Pci(0x17,0x0)\Sata(0x2,0xFFFF,0x0)\HD(2,GPT,31495661-08A4-430A-A1FA-ABB331831650,0x64028,0xECE2340)
17:944  0:078  - [07]: Volume: PciRoot(0x0)\Pci(0x17,0x0)\Sata(0x2,0xFFFF,0x0)\HD(3,GPT,862C267E-0A09-42CF-AC13-20E330655FF8,0xED46368,0x135F20)
18:023  0:078  - [08]: Volume: PciRoot(0x0)\Pci(0x17,0x0)\Sata(0x3,0xFFFF,0x0)\HD(1,GPT,EB265C1F-19AC-4FD3-AC89-CE9D802C4E16,0x1000,0x31000)
18:139  0:116          Result of bootcode detection: bootable Windows (vista,win)
18:182  0:043  - [09]: Volume: PciRoot(0x0)\Pci(0x17,0x0)\Sata(0x3,0xFFFF,0x0)\HD(2,GPT,E008A9B8-BF6E-4D1A-919F-2E3CB6388052,0x32000,0x19001000)
18:261  0:078          Result of bootcode detection: bootable Windows (vista,win)
18:300  0:038  - [10]: Volume: PciRoot(0x0)\Pci(0x17,0x0)\Sata(0x3,0xFFFF,0x0)\HD(3,GPT,D5644571-259F-11E8-88E5-80FA5B506E9B,0x19033000,0x229AD2B0)
18:378  0:078          Result of bootcode detection: bootable Windows (vista,win)
18:444  0:065  === [ InitTheme ] =========================================
20:179  1:735  Using theme 'tonymacx86' (EFI\CLOVER\themes\tonymacx86)
20:218  0:038  Loading font from ThemeDir: Error
20:257  0:039  Choosing theme tonymacx86
20:296  0:039  after NVRAM boot-args=dart=0
20:335  0:038  Scanning legacy ...
20:374  0:038   8: 'EFI' (vista,win) add legacy
20:483  0:109   added 'Boot Windows from EFI' OSType=2 Icon=vista,win
20:524  0:041   9: '' (vista,win) add legacy
20:638  0:113   added 'Boot Windows from ' OSType=2 Icon=vista,win
20:677  0:038  10: '' (vista,win) add legacy
20:772  0:095   added 'Boot Windows from ' OSType=2 Icon=vista,win
20:811  0:038  === [ Dump SMC keys from NVRAM ] ==========================
21:931  1:119  found AppleSMC protocol
22:028  0:097  Registered 18 SMC keys
22:069  0:040  === [ ScanLoader ] ========================================
23:747  1:678  - [01]: 'EFI'
23:850  0:103  - [02]: 'Clover'
23:977  0:127  - [05]: 'EFI'
24:093  0:115  - [06]: 'Mac'
24:179  0:085          AddLoaderEntry for Volume Name=Mac
24:221  0:042      Check if volume Is Hibernated:
24:260  0:038      Check sleep image 'by signature':
24:322  0:062      using default sleep image name = \private\var\vm\sleepimage
24:366  0:044      sleepimage not found -> Not Found
24:405  0:038      hibernated: no - sign
24:460  0:054  - [07]: 'Recovery HD'
24:540  0:080          AddLoaderEntry for Volume Name=Recovery HD
24:620  0:079  - [08]: 'EFI'
24:713  0:093          AddLoaderEntry for Volume Name=EFI
24:783  0:069  - [09]: ''
24:880  0:097  - [10]: ''
24:969  0:088  === [ AddCustomTool ] =====================================
26:538  1:569  found tool \EFI\CLOVER\tools\Shell64U.efi
26:577  0:038  Checking EFI partition Volume 1 for Clover
26:616  0:038   Found Clover
26:659  0:042  === [ GetEfiBootDeviceFromNvram ] =========================
27:742  1:083  Default boot entry not found
27:781  0:038  DefaultIndex=-1 and MainMenu.EntryCount=12
27:939  0:158  GUI ready
56:684  28:744  EDITED: 
58:754  2:070  ReinitSelfLib after theme change
58:793  0:038  reinit: self device path=PciRoot(0x0)\Pci(0x14,0x0)\USB(0x6,0x0)\HD(1,GPT,5B69A463-9904-4117-B47F-23B0C2D5CDF2,0x28,0x64000)
58:832  0:038  === [ ScanVolumes ] =======================================
60:491  1:658  Found 11 volumes with blockIO
60:529  0:038  - [00]: Volume: PciRoot(0x0)\Pci(0x14,0x0)\USB(0x6,0x0)
60:608  0:078          USB volume
60:646  0:038  - [01]: Volume: PciRoot(0x0)\Pci(0x14,0x0)\USB(0x6,0x0)\HD(1,GPT,5B69A463-9904-4117-B47F-23B0C2D5CDF2,0x28,0x64000)
60:760  0:113          Result of bootcode detection: bootable unknown (legacy)
60:799  0:038          USB volume
60:838  0:038          This is SelfVolume !!
60:877  0:038  - [02]: Volume: PciRoot(0x0)\Pci(0x14,0x0)\USB(0x6,0x0)\HD(2,GPT,2BFE5764-18F1-4ACD-9C77-9CBE7ECFA875,0x64028,0xDCA3A8)
60:955  0:078          USB volume
60:994  0:038  - [03]: Volume: PciRoot(0x0)\Pci(0x17,0x0)\Sata(0x2,0xFFFF,0x0)
61:117  0:122  - [04]: Volume: PciRoot(0x0)\Pci(0x17,0x0)\Sata(0x3,0xFFFF,0x0)
61:198  0:081  - [05]: Volume: PciRoot(0x0)\Pci(0x17,0x0)\Sata(0x2,0xFFFF,0x0)\HD(1,GPT,C2A44F20-2559-4E7B-AF60-29082AE1D2B9,0x28,0x64000)
61:284  0:086          Result of bootcode detection: bootable unknown (legacy)
61:325  0:040  - [06]: Volume: PciRoot(0x0)\Pci(0x17,0x0)\Sata(0x2,0xFFFF,0x0)\HD(2,GPT,31495661-08A4-430A-A1FA-ABB331831650,0x64028,0xECE2340)
61:403  0:078  - [07]: Volume: PciRoot(0x0)\Pci(0x17,0x0)\Sata(0x2,0xFFFF,0x0)\HD(3,GPT,862C267E-0A09-42CF-AC13-20E330655FF8,0xED46368,0x135F20)
61:508  0:104  - [08]: Volume: PciRoot(0x0)\Pci(0x17,0x0)\Sata(0x3,0xFFFF,0x0)\HD(1,GPT,EB265C1F-19AC-4FD3-AC89-CE9D802C4E16,0x1000,0x31000)
61:589  0:081          Result of bootcode detection: bootable Windows (vista,win)
61:630  0:040  - [09]: Volume: PciRoot(0x0)\Pci(0x17,0x0)\Sata(0x3,0xFFFF,0x0)\HD(2,GPT,E008A9B8-BF6E-4D1A-919F-2E3CB6388052,0x32000,0x19001000)
61:716  0:086          Result of bootcode detection: bootable Windows (vista,win)
61:782  0:065  - [10]: Volume: PciRoot(0x0)\Pci(0x17,0x0)\Sata(0x3,0xFFFF,0x0)\HD(3,GPT,D5644571-259F-11E8-88E5-80FA5B506E9B,0x19033000,0x229AD2B0)
61:860  0:078          Result of bootcode detection: bootable Windows (vista,win)
61:899  0:038  Choosing theme tonymacx86
61:938  0:039  after NVRAM boot-args= 
61:977  0:038  Scanning legacy ...
62:016  0:038   8: 'EFI' (vista,win) add legacy
62:094  0:078   added 'Boot Windows from EFI' OSType=2 Icon=vista,win
62:176  0:082   9: '' (vista,win) add legacy
62:263  0:086   added 'Boot Windows from ' OSType=2 Icon=vista,win
62:302  0:038  10: '' (vista,win) add legacy
62:380  0:078   added 'Boot Windows from ' OSType=2 Icon=vista,win
62:419  0:038  === [ ScanLoader ] ========================================
64:158  1:739  - [01]: 'EFI'
64:265  0:107  - [02]: 'Clover'
64:371  0:105  - [05]: 'EFI'
64:486  0:115  - [06]: 'Mac'
64:565  0:078          AddLoaderEntry for Volume Name=Mac
64:607  0:041      Check if volume Is Hibernated:
64:673  0:065      Check sleep image 'by signature':
64:727  0:054      using default sleep image name = \private\var\vm\sleepimage
64:771  0:044      sleepimage not found -> Not Found
64:810  0:038      hibernated: no - sign
64:869  0:059  - [07]: 'Recovery HD'
64:947  0:077          AddLoaderEntry for Volume Name=Recovery HD
65:008  0:060  - [08]: 'EFI'
65:111  0:102          AddLoaderEntry for Volume Name=EFI
65:179  0:067  - [09]: ''
65:277  0:098  - [10]: ''