0:100  0:100  MemLog inited, TSC freq: 3600513880
0:100  0:000  CPU was calibrated with RTC
0:100  0:000  
0:100  0:000  Now is 19.4.2018,  13:29:28 (GMT)
0:100  0:000  Starting Clover revision: 4411 on American Megatrends EFI
0:100  0:000  Build with: [Args: -mc --no-usb -D NO_GRUB_DRIVERS_EMBEDDED -t XCODE8 | -D DISABLE_USB_SUPPORT -D NO_GRUB_DRIVERS_EMBEDDED --conf=/Users/macman/src/edk2/Conf -D USE_BIOS_BLOCKIO -D USE_LOW_EBDA -a X64 -b RELEASE -t XCODE8 -n 9 | OS: 10.13.3 | XCODE: 9.2]
0:100  0:000  SelfDevicePath=PciRoot(0x0)\Pci(0x17,0x0)\Sata(0x2,0xFFFF,0x0)\HD(1,GPT,C97C5C89-3F91-4E80-BD88-CCBC06C6F594,0x28,0x64000) @6699F718
0:100  0:000  SelfDirPath = \EFI\BOOT
0:102  0:002  === [ Get Smbios ] ========================================
0:114  0:011  Type 16 Index = 0
0:114  0:000  Total Memory Slots Count = 2
0:114  0:000  Type 17 Index = 0
0:114  0:000  Ignoring insane frequency value 0MHz
0:114  0:000  SmbiosTable.Type17->Speed = 0MHz
0:114  0:000  SmbiosTable.Type17->Size = 0MB
0:114  0:000  SmbiosTable.Type17->Bank/Device = BANK 0 ChannelA-DIMM0
0:114  0:000  SmbiosTable.Type17->Vendor = <null string>
0:114  0:000  SmbiosTable.Type17->SerialNumber = <null string>
0:114  0:000  SmbiosTable.Type17->PartNumber = <null string>
0:114  0:000  Type 17 Index = 1
0:114  0:000  SmbiosTable.Type17->Speed = 3200MHz
0:114  0:000  SmbiosTable.Type17->Size = 16384MB
0:114  0:000  SmbiosTable.Type17->Bank/Device = BANK 2 ChannelB-DIMM0
0:114  0:000  SmbiosTable.Type17->Vendor = Micron
0:114  0:000  SmbiosTable.Type17->SerialNumber = 1916C286
0:114  0:000  SmbiosTable.Type17->PartNumber = 16ATF2G64HZ-3G2E1   
0:114  0:000  Boot status=0
0:114  0:000  Running on: 'W650KL ' with board 'W650KL '
0:114  0:000  === [ GetCPUProperties ] ==================================
0:114  0:000  CPU Vendor = 756E6547 Model=906E9
0:114  0:000   The CPU supported SSE4.1
0:114  0:000  BrandString = Intel(R) Core(TM) i7-7700 CPU @ 3.60GHz
0:114  0:000   The CPU supported turbo
0:114  0:000  MSR 0x35               40008
0:114  0:000   TSC/CCC Information Leaf:
0:114  0:000    numerator     : 300
0:114  0:000    denominator   : 2
0:114  0:000   Calibrated ARTFrequency: 24003425
0:114  0:000  MSR 0xE2 before patch 1E008006
0:114  0:000  MSR 0xE2 is locked, PM patches will be turned on
0:114  0:000  MSR 0xCE              08080838_F1012400
0:114  0:000  corrected FLEX_RATIO = 0
0:114  0:000  MSR 0x1B0             00000000
0:114  0:000  FSBFrequency = 100 MHz, DMI FSBFrequency = 100 MHz, Corrected FSBFrequency = 100 MHz
0:114  0:000  MaxDiv/MinDiv: 36.0/8
0:114  0:000  Turbo: 40/41/41/42
0:114  0:000  Features: 0xBFEBFBFF
0:114  0:000  Threads: 8
0:114  0:000  Cores: 4
0:114  0:000  FSB: 100 MHz
0:114  0:000  CPU: 3600 MHz
0:114  0:000  TSC: 3600 MHz
0:114  0:000  PIS: 100 MHz
0:114  0:000  ExternalClock: 25 MHz
0:114  0:000  === [ GetDevices ] ========================================
0:114  0:000  PCI (00|00:00.00) : 8086 591F class=060000
0:114  0:000  PCI (00|00:01.00) : 8086 1901 class=060400
0:114  0:000  PCI (00|01:00.00) : 10DE 1D10 class=030200
0:114  0:000  PCI (00|00:02.00) : 8086 5912 class=030000
0:114  0:000   - GFX: Model=Intel HD Graphics 630 (Intel)
0:114  0:000  PCI (00|00:14.00) : 8086 A12F class=0C0330
0:114  0:000  PCI (00|00:16.00) : 8086 A13A class=078000
0:114  0:000  PCI (00|00:17.00) : 8086 A102 class=010601
0:114  0:000  PCI (00|00:1C.00) : 8086 A115 class=060400
0:114  0:000  PCI (00|02:00.00) : 8086 24FB class=028000
0:114  0:000   - WIFI: Vendor=Intel
0:114  0:000  PCI (00|00:1C.07) : 8086 A117 class=060400
0:114  0:000  PCI (00|03:00.00) : 10EC 5287 class=FF0000
0:114  0:000  PCI (00|03:00.01) : 10EC 8168 class=020000
0:114  0:000   - LAN: 0 Vendor=Realtek
0:114  0:000  PCI (00|00:1F.00) : 8086 A143 class=060100
0:114  0:000  PCI (00|00:1F.02) : 8086 A121 class=058000
0:114  0:000  PCI (00|00:1F.03) : 8086 A170 class=040300
0:114  0:000  PCI (00|00:1F.04) : 8086 A123 class=0C0500
0:114  0:000  === [ GetDefaultSettings ] ================================
0:114  0:000  Clover load options size = 0 bytes
0:122  0:008  EFI\CLOVER\config.plist loaded: Success
0:135  0:012  === [ GetListOfThemes ] ===================================
0:135  0:000  - [00]: tonymacx86
0:139  0:003  - [01]: random
0:142  0:003  - [01]: embedded
0:146  0:004  === [ Found config plists ] ===============================
0:147  0:001  - config.plist
0:148  0:000  === [ GetEarlyUserSettings ] ==============================
0:148  0:000  timeout set to 2
0:148  0:000  Custom boot CUSTOM_BOOT_DISABLED (0x0)
0:148  0:000  KextsToPatch: 8 requested
0:148  0:000   - [00]: com.apple.driver.usb.AppleUSBXHCIPCI (change 15 port limit to 26 in XHCI kext) :: MatchOS: 10.12.x :: BinPatch :: data len: 7
0:148  0:000   - [01]: AirPortBrcm4360 (AirPortBrcm4360 - PCI Error 1) :: BinPatch :: data len: 5
0:148  0:000   - patch disabled at config
0:148  0:000   - [02]: AirPortBrcm4360 (AirPortBrcm4360 whitelist patch (board-id), 10.12.dp1, credit RehabMan) :: MatchOS: 10.12.x :: BinPatch :: data len: 8
0:148  0:000   - patch disabled at config
0:148  0:000   - [03]: AirPortBrcm4360 (AirPortBrcm4360 - PCI Error 3) :: BinPatch :: data len: 6
0:148  0:000   - patch disabled at config
0:148  0:000   - [04]: AirPortBrcm4360 (AirPortBrcm4360 - PCI Error 2) :: BinPatch :: data len: 8
0:148  0:000   - patch disabled at config
0:148  0:000   - [05]: AirPortBrcm4360 (Cosmetic Fix "Unknown -> AirPort) :: BinPatch :: data len: 6
0:148  0:000   - patch disabled at config
0:148  0:000   - [06]: AirPortBrcm4360 (AirPortBrcm4360 - fcvo, 10.12.x (credit the-darkvoid)) :: MatchOS: 10.12.x :: BinPatch :: data len: 8
0:148  0:000   - patch disabled at config
0:148  0:000   - [07]: com.apple.driver.AppleBacklight (change F%uT%04x to F%uTxxxx in AppleBacklightInjector.kext (credit RehabMan)) :: BinPatch :: data len: 9
0:148  0:000  Default theme: black_green
0:148  0:000  Hiding entries with string Windows
0:148  0:000  Hiding entries with string BOOTX64.EFI
0:148  0:000  Hiding entries with string Preboot
0:148  0:000  === [ LoadDrivers ] =======================================
0:151  0:002  Loading AppleImageCodec-64.efi  status=Success
0:159  0:008  Loading AppleUITheme-64.efi  status=Success
0:165  0:005  Loading DataHubDxe-64.efi  status=Success
0:171  0:006  Loading AppleKeyAggregator-64.efi  status=Success
0:177  0:005  Loading apfs.efi  status=Success
0:190  0:012   - driver needs connecting
0:190  0:000  Loading OsxAptioFixDrv-64.efi  status=Success
0:196  0:006  Loading HFSPlus-64.efi  status=Success
0:202  0:005   - driver needs connecting
0:202  0:000  Loading VBoxHfs-64.efi  status=Success
0:209  0:006   - driver needs connecting
0:209  0:000  Loading FSInject-64.efi  status=Success
0:215  0:006  Loading FirmwareVolume-64.efi  status=Success
0:221  0:005  Loading SMCHelper-64.efi  status=Success
0:227  0:005  Loading Fat-64.efi  status=Success
0:234  0:007   - driver needs connecting
0:234  0:000  Loading NTFS-64.efi  status=Success
0:242  0:008   - driver needs connecting
0:243  0:000  5 drivers needs connecting ...
0:243  0:000  PlatformDriverOverrideProtocol not found. Installing ... Success
0:243  0:000  HFS+ driver loaded
0:243  0:000  APFS driver loaded
0:243  0:000  Searching for invalid DiskIo BY_DRIVER connects: not found, all ok
0:555  0:312  === [ InitScreen ] ========================================
0:555  0:000  SetScreenResolution: 1920x1080 - already set
0:555  0:000  Console modes reported: 3, available modes:
0:555  0:000   - [01]: 80x25 (current mode)
0:555  0:000   - [02]: 80x50
0:555  0:000   - [03]: 100x31
0:555  0:000  reinit: self device path=PciRoot(0x0)\Pci(0x17,0x0)\Sata(0x2,0xFFFF,0x0)\HD(1,GPT,C97C5C89-3F91-4E80-BD88-CCBC06C6F594,0x28,0x64000)
0:557  0:001  Using embedded font: Success
0:558  0:000  === [ GetMacAddress ] =====================================
0:558  0:000  MAC address of LAN #0= 80:FA:5B:50:6E:9B:
0:558  0:000  === [ ScanSPD ] ===========================================
0:558  0:000  SMBus device : 8086 A123 class=0C0500 status=Success
0:558  0:000  SMBus CmdReg: 0x3
0:558  0:000  Scanning SMBus [8086:A123], mmio: 0xDF32A004, ioport: 0xF040, hostc: 0x11
0:558  0:000  Slots to scan [8]...
0:559  0:000  SPD[2]: Type 12 @0x52
0:577  0:017  DDR speed 3200MHz
0:577  0:000  Slot: 2 Type 26 16384MB 3200MHz Vendor=Micron Technology PartNo=16ATF2G64HZ-3G2E1 SerialNo=010901060C020806
0:577  0:000  === [ GetAcpiTablesList ] =================================
0:580  0:002  Get Acpi Tables List from RSDT:
0:580  0:000   - [00]: FACP  A M I  len=132
0:580  0:000   - [01]: APIC  A M I  len=188
0:580  0:000   - [02]: FPDT  A M I  len=68
0:580  0:000   - [03]: FIDT  A M I len=156
0:580  0:000   - [04]: MCFG  A M I  len=60
0:580  0:000   - [05]: SSDT  SataTabl len=931
0:580  0:000   - [06]: SSDT  SaSsdt  len=12862
0:580  0:000   - [07]: SSDT  PegSsdt len=10678
0:580  0:000   - [08]: HPET  KBL len=56
0:580  0:000   - [09]: UEFI  A M I  len=66
0:580  0:000   - [10]: SSDT  CpuSsdt len=6062
0:580  0:000   - [11]: LPIT  KBL len=148
0:580  0:000   - [12]: SSDT  HdaDsp len=321
0:580  0:000   - [13]: SSDT  sensrhub len=671
0:580  0:000   - [14]: SSDT  PtidDevc len=12290
0:580  0:000   - [15]: SSDT  TbtTypeC len=1303
0:580  0:000   - [16]: DBGP   len=52
0:580  0:000   - [17]: DBG2   len=84
0:580  0:000   - [18]: SSDT  UsbCTabl len=4272
0:580  0:000   - [19]: SSDT  SgPeg len=174
0:580  0:000   - [20]: DMAR  KBL  len=168
0:580  0:000   - [21]: BGRT  A M I  len=56
0:580  0:000   - [22]: TPM2  A M I  len=52
0:580  0:000   - [23]: SSDT  OptTabl len=8049
0:580  0:000   - [24]: ASF!   HCG len=160
0:580  0:000   - [25]: WSMT  A M I  len=40
0:580  0:000  Calibrated TSC Frequency = 3600513880 = 3600MHz
0:580  0:000  === [ GetUserSettings ] ===================================
0:580  0:000  USB FixOwnership: no
0:580  0:000   - final DSDT Fix mask=00000010
0:580  0:000  PatchesDSDT: 4 requested
0:580  0:000   - [00]: (change GFX0 to IGPU) lenToFind: 4, lenToReplace: 4, Target Bridge: <null string>
0:580  0:000   - [01]: (change HDAS to HDEF) lenToFind: 4, lenToReplace: 4, Target Bridge: <null string>
0:580  0:000   - [02]: (change  _REG to XREG) lenToFind: 5, lenToReplace: 5, Target Bridge: <null string>
0:580  0:000   - [03]: (change _OFF to XOFF) lenToFind: 6, lenToReplace: 6, Target Bridge: <null string>
0:580  0:000  Using ProductName from config: MacBookPro14,3
0:580  0:000  Using latest BiosVersion from config
0:580  0:000  BiosVersion: MBP143.88Z.0173.B00.1802080917
0:580  0:000  BiosReleaseDate: 02/08/2018
0:580  0:000  Using FirmwareFeatures from config: 0xFC0FE13F
0:580  0:000  Using FirmwareFeaturesMask from config: 0xFF1FFF3F
0:580  0:000  Board-ID set from config as Mac-551B86E5744E2388
0:580  0:000  BoardType: 0xA
0:580  0:000  ChassisType: 0x9
0:580  0:000  Converted CustomUUID B7A66B86-0450-4016-A3B1-FB32E209F3FA
0:970  0:389  === [ ScanVolumes ] =======================================
0:970  0:000  Found 11 volumes with blockIO
0:970  0:000  - [00]: Volume: PciRoot(0x0)\Pci(0x17,0x0)\Sata(0x2,0xFFFF,0x0)
0:970  0:000  - [01]: Volume: PciRoot(0x0)\Pci(0x17,0x0)\Sata(0x3,0xFFFF,0x0)
0:974  0:003  - [02]: Volume: PciRoot(0x0)\Pci(0x17,0x0)\Sata(0x2,0xFFFF,0x0)\HD(1,GPT,C97C5C89-3F91-4E80-BD88-CCBC06C6F594,0x28,0x64000)
0:975  0:000          Result of bootcode detection: bootable unknown (legacy)
0:977  0:002          This is SelfVolume !!
0:977  0:000  - [03]: Volume: PciRoot(0x0)\Pci(0x17,0x0)\Sata(0x2,0xFFFF,0x0)\HD(2,GPT,4FB348E6-E4FA-45BA-AD58-07C8A02A2EA0,0x64028,0xEE18260)
0:977  0:000          Result of bootcode detection: bootable unknown (legacy)
0:977  0:000  - [04]: Volume: PciRoot(0x0)\Pci(0x17,0x0)\Sata(0x3,0xFFFF,0x0)\HD(1,GPT,EB265C1F-19AC-4FD3-AC89-CE9D802C4E16,0x1000,0x31000)
0:978  0:000          Result of bootcode detection: bootable Windows (vista,win)
0:982  0:004  - [05]: Volume: PciRoot(0x0)\Pci(0x17,0x0)\Sata(0x3,0xFFFF,0x0)\HD(2,GPT,E008A9B8-BF6E-4D1A-919F-2E3CB6388052,0x32000,0x19001000)
0:983  0:000          Result of bootcode detection: bootable Windows (vista,win)
0:983  0:000  - [06]: Volume: PciRoot(0x0)\Pci(0x17,0x0)\Sata(0x3,0xFFFF,0x0)\HD(3,GPT,D5644571-259F-11E8-88E5-80FA5B506E9B,0x19033000,0x229AD2B0)
0:984  0:000          Result of bootcode detection: bootable Windows (vista,win)
0:984  0:000  - [07]: Volume: PciRoot(0x0)\Pci(0x17,0x0)\Sata(0x2,0xFFFF,0x0)\HD(2,GPT,4FB348E6-E4FA-45BA-AD58-07C8A02A2EA0,0x64028,0xEE18260)\VenMedia(BE74FCF7-0B7C-49F3-9147-01F4042E6842,CC3192E575433642B3FC2EE76FBCBF34)
0:984  0:000          hiding this volume
0:984  0:000  - [08]: Volume: PciRoot(0x0)\Pci(0x17,0x0)\Sata(0x2,0xFFFF,0x0)\HD(2,GPT,4FB348E6-E4FA-45BA-AD58-07C8A02A2EA0,0x64028,0xEE18260)\VenMedia(BE74FCF7-0B7C-49F3-9147-01F4042E6842,F2F6F3D40CF93C3EB2AE5A34C1D45BDC)
0:984  0:000  - [09]: Volume: PciRoot(0x0)\Pci(0x17,0x0)\Sata(0x2,0xFFFF,0x0)\HD(2,GPT,4FB348E6-E4FA-45BA-AD58-07C8A02A2EA0,0x64028,0xEE18260)\VenMedia(BE74FCF7-0B7C-49F3-9147-01F4042E6842,934CB558F2439443AF85DC4E9221B792)
0:984  0:000  - [10]: Volume: PciRoot(0x0)\Pci(0x17,0x0)\Sata(0x2,0xFFFF,0x0)\HD(2,GPT,4FB348E6-E4FA-45BA-AD58-07C8A02A2EA0,0x64028,0xEE18260)\VenMedia(BE74FCF7-0B7C-49F3-9147-01F4042E6842,A18C76CCE64622469F07B6651E989684)
0:984  0:000  === [ InitTheme ] =========================================
0:985  0:000  GlobalConfig: theme.plist not found, get random theme tonymacx86
0:991  0:006  Using theme 'tonymacx86' (EFI\CLOVER\themes\tonymacx86)
0:992  0:001  Loading font from ThemeDir: Error
0:993  0:001  Choosing theme tonymacx86
0:994  0:000  after NVRAM boot-args=-igfxbeta nv_disable=1 dart=0 -disablegfxfirmware -v -lilubeta
0:994  0:000  === [ Dump SMC keys from NVRAM ] ==========================
0:994  0:000  found AppleSMC protocol
1:051  0:056  Registered 18 SMC keys
1:052  0:001  === [ ScanLoader ] ========================================
1:052  0:000  - [02]: 'EFI'
1:068  0:016  - [04]: 'EFI'
1:082  0:013          AddLoaderEntry for Volume Name=EFI
1:102  0:020  - [05]: 'ûß'
1:102  0:000  - [06]: ''
1:102  0:000  - [07]: 'Preboot', hidden
1:102  0:000  - [08]: 'Mac'
1:182  0:079          AddLoaderEntry for Volume Name=Mac
1:218  0:036      Check if volume Is Hibernated:
1:218  0:000      Check sleep image 'by signature':
1:279  0:060      read prefs \Library\Preferences\com.apple.PowerManagement.plist status=Success
1:279  0:000      using default sleep image name = \private\var\vm\sleepimage
1:316  0:037      sleepimage not found -> Not Found
1:316  0:000      hibernated: no - sign
1:345  0:028  - [09]: 'Recovery'
1:369  0:024          AddLoaderEntry for Volume Name=Recovery
1:406  0:036  - [10]: 'VM'
1:406  0:000  === [ AddCustomTool ] =====================================
1:409  0:003  found tool \EFI\CLOVER\tools\Shell64U.efi
1:409  0:000  Checking EFI partition Volume 2 for Clover
1:413  0:003   Found Clover
1:426  0:013  === [ GetEfiBootDeviceFromNvram ] =========================
1:427  0:000   - efi-boot-device-data: PciRoot(0x0)\Pci(0x17,0x0)\Sata(0x2,0xFFFF,0x0)\HD(2,GPT,4FB348E6-E4FA-45BA-AD58-07C8A02A2EA0,0x64028,0xEE18260)\VenMedia(BE74FCF7-0B7C-49F3-9147-01F4042E6842,F2F6F3D40CF93C3EB2AE5A34C1D45BDC)
1:427  0:000    - Volume: 'PciRoot(0x0)\Pci(0x17,0x0)\Sata(0x2,0xFFFF,0x0)\HD(2,GPT,4FB348E6-E4FA-45BA-AD58-07C8A02A2EA0,0x64028,0xEE18260)\VenMedia(BE74FCF7-0B7C-49F3-9147-01F4042E6842,F2F6F3D40CF93C3EB2AE5A34C1D45BDC)'
1:427  0:000    - LoaderPath: '<null string>'
1:427  0:000    - Guid = 4FB348E6-E4FA-45BA-AD58-07C8A02A2EA0
1:427  0:000  === [ FindStartupDiskVolume ] =============================
1:427  0:000    - Volume: partition = PciRoot(0x0)\Pci(0x17,0x0)\Sata(0x2,0xFFFF,0x0)\HD(2,GPT,4FB348E6-E4FA-45BA-AD58-07C8A02A2EA0,0x64028,0xEE18260)\VenMedia(BE74FCF7-0B7C-49F3-9147-01F4042E6842,F2F6F3D40CF93C3EB2AE5A34C1D45BDC)
1:427  0:000     - searching for that partition
1:427  0:000      - found entry 1. 'Boot macOS from Mac', Volume 'Mac'
1:427  0:000  Boot redirected to Entry 1. 'Boot macOS from Mac'
1:427  0:000  DefaultIndex=1 and MainMenu.EntryCount=9
1:533  0:105  GUI ready
89:562  88:029  BootVariable of the entry is empty
89:562  0:000  === [ StartLoader ] =======================================
89:562  0:000  Finally: ExternalClock=25MHz BusSpeed=100014kHz CPUFreq=3601MHz PIS: hw.busfrequency=100000000Hz
89:562  0:000  Loading boot.efi  status=Success
89:633  0:070  GetOSVersion: 10.13.4 (17E199)
89:633  0:000  CSR_CFG: CSR_ALLOW_UNTRUSTED_KEXTS | CSR_ALLOW_UNRESTRICTED_FS | CSR_ALLOW_TASK_FOR_PID | CSR_ALLOW_UNRESTRICTED_DTRACE | CSR_ALLOW_UNRESTRICTED_NVRAM
89:633  0:000  Filtering KextPatches:
89:633  0:000   - [00]: com.apple.driver.usb.AppleUSBXHCIPCI (change 15 port limit to 26 in XHCI kext) :: BinPatch :: [OS: 10.13.4 | MatchOS: 10.12.x | MatchBuild: All] ==> not allowed
89:633  0:000   - [01]: AirPortBrcm4360 (AirPortBrcm4360 - PCI Error 1) :: BinPatch :: [OS: 10.13.4 | MatchOS: All | MatchBuild: All] ==> disabled by user
89:633  0:000   - [02]: AirPortBrcm4360 (AirPortBrcm4360 whitelist patch (board-id), 10.12.dp1, credit RehabMan) :: BinPatch :: [OS: 10.13.4 | MatchOS: 10.12.x | MatchBuild: All] ==> disabled by user
89:633  0:000   - [03]: AirPortBrcm4360 (AirPortBrcm4360 - PCI Error 3) :: BinPatch :: [OS: 10.13.4 | MatchOS: All | MatchBuild: All] ==> disabled by user
89:633  0:000   - [04]: AirPortBrcm4360 (AirPortBrcm4360 - PCI Error 2) :: BinPatch :: [OS: 10.13.4 | MatchOS: All | MatchBuild: All] ==> disabled by user
89:633  0:000   - [05]: AirPortBrcm4360 (Cosmetic Fix "Unknown -> AirPort) :: BinPatch :: [OS: 10.13.4 | MatchOS: All | MatchBuild: All] ==> disabled by user
89:633  0:000   - [06]: AirPortBrcm4360 (AirPortBrcm4360 - fcvo, 10.12.x (credit the-darkvoid)) :: BinPatch :: [OS: 10.13.4 | MatchOS: 10.12.x | MatchBuild: All] ==> disabled by user
89:633  0:000   - [07]: com.apple.driver.AppleBacklight (change F%uT%04x to F%uTxxxx in AppleBacklightInjector.kext (credit RehabMan)) :: BinPatch :: [OS: 10.13.4 | MatchOS: All | MatchBuild: All] ==> allowed
89:633  0:000  Will not patch boot.efi
89:633  0:000  === [ PatchSmbios ] =======================================
89:633  0:000  insert table 9 for dev 0:1
89:633  0:000  insert table 9 for dev 0:0
89:634  0:000  Trusting SMBIOS...
89:634  0:000  Detected alternating SMBIOS channel banks
89:634  0:000  Channels: 1
89:634  0:000  Interleave: 0 1 2 3 4 5 6 7 8 9 10 11 12 13 14 15 16 17 18 19 20 21 22 23
89:634  0:000  SMBIOS Type 17 Index = 0 => 0 0:
89:634  0:000  BANK 0 DIMM0 EMPTY
89:634  0:000   partNum=16ATF2G64HZ-3G2E1   
89:634  0:000  SMBIOS Type 17 Index = 1 => 1 1:
89:634  0:000  BANK 0 DIMM1 3200MHz 16384MB
89:634  0:000  mTotalSystemMemory = 16384
89:634  0:000  NumberOfMemoryDevices = 2
89:634  0:000  Type20[0]->End = 0xFFFFFF, Type17[1] = 0x4000
89:634  0:000  Table 131 is present, CPUType=35
89:634  0:000  Change to: 705
89:634  0:000  === [ PatchACPI ] =========================================
89:634  0:000  Xsdt reallocation done
89:634  0:000  old FADT length=114
89:634  0:000   SignatureFixup: 0x8331AEFE -> 0x0
89:637  0:003  Apply DsdtFixMask=0x00000010
89:637  0:000     drop _DSM mask=0x0000
89:637  0:000  === [ FixBiosDsdt ] =======================================
89:637  0:000  VideoCard devID=0x59128086
89:637  0:000  DisplayADR1[0] = 0x20000, DisplayADR2[0] = 0xFFFE
89:637  0:000  USBADR[0] = 0x140000 and PCIe = 0xFFFE
89:651  0:014  Audio HDA (addr:0x1F0003) setting specified layout-id=6 (0x6)
89:651  0:000  Patching DSDT:
89:651  0:000   - [change GFX0 to IGPU]: pattern 47465830, patched at: [ (51) (E) (12) (12) (12) (12) (12) (12) (12) (12) (12) (24) (12) (12) (12) (12) (12) (12) (12) (12) (12) (419) (12) (F2) (314A) (1189) (B) (FBC5) (14) (62) (13) (45) (1783) (3701) (28E0) (2F91) (72) (30) (E) (7A) (30) (E) (2A4) (E) (A0) (13) (7E) (E) ]
89:651  0:000   - [change HDAS to HDEF]: pattern 48444153, patched at: [ (38D) (12) (12) (A8A4) (1A69) (84) (D) (2B) (32) (4F) (6F) (C3) (7FD5) (15FB) ]
89:651  0:000   - [change  _REG to XREG]: pattern 5F524547, patched at: [ (1E835) ]
89:652  0:000   - [change _OFF to XOFF]: pattern 5F4F4646, bin not found / already patched!
89:652  0:000  first CPU found at 9658 offset 965B
89:652  0:000  score candidate at 9654
89:652  0:000  score inserted in acpi_cpu_score _PR_
89:652  0:000  Found ACPI CPU: PR00 | PR01 | PR02 | PR03 | PR04 | PR05 | PR06 | PR07 | PR08 | PR09 | PR10 | PR11 | PR12 | PR13 | PR14 | PR15 , within the score: _PR_
89:652  0:000  Found PCIROOTUID = 0
89:652  0:000  Start HPET Fix
89:653  0:000  PreCleanup XSDT: count=26, length=244
89:653  0:000  PreCleanup XSDT, corrected XSDT: count=26, length=244
89:653  0:000  === [ ACPIDropTables ] ====================================
89:653  0:000  === [ PatchAllSSDT ] ======================================
89:653  0:000  Patch table: SSDT  SataTabl len=0x3A3
89:653  0:000  0. [change GFX0 to IGPU]: pattern 47465830, bin not found / already patched!
89:653  0:000  1. [change HDAS to HDEF]: pattern 48444153, bin not found / already patched!
89:653  0:000  2. [change  _REG to XREG]: pattern 5F524547, bin not found / already patched!
89:653  0:000  3. [change _OFF to XOFF]: pattern 5F4F4646, bin not found / already patched!
89:653  0:000  Patch table: SSDT  SaSsdt  len=0x323E
89:653  0:000  0. [change GFX0 to IGPU]: pattern 47465830, patched at: [ (2D) (E) (C7) (2A0) (275B) (1D) (6CF) ]
89:653  0:000  1. [change HDAS to HDEF]: pattern 48444153, bin not found / already patched!
89:653  0:000  2. [change  _REG to XREG]: pattern 5F524547, bin not found / already patched!
89:653  0:000  3. [change _OFF to XOFF]: pattern 5F4F4646, bin not found / already patched!
89:653  0:000  Patch table: SSDT  PegSsdt len=0x29B6
89:653  0:000  0. [change GFX0 to IGPU]: pattern 47465830, bin not found / already patched!
89:653  0:000  1. [change HDAS to HDEF]: pattern 48444153, bin not found / already patched!
89:653  0:000  2. [change  _REG to XREG]: pattern 5F524547, bin not found / already patched!
89:653  0:000  3. [change _OFF to XOFF]: pattern 5F4F4646, patched at: [ (885) ]
89:653  0:000  Patch table: SSDT  CpuSsdt len=0x17AE
89:653  0:000  0. [change GFX0 to IGPU]: pattern 47465830, bin not found / already patched!
89:653  0:000  1. [change HDAS to HDEF]: pattern 48444153, bin not found / already patched!
89:653  0:000  2. [change  _REG to XREG]: pattern 5F524547, bin not found / already patched!
89:653  0:000  3. [change _OFF to XOFF]: pattern 5F4F4646, bin not found / already patched!
89:653  0:000  Patch table: SSDT  HdaDsp len=0x141
89:653  0:000  0. [change GFX0 to IGPU]: pattern 47465830, bin not found / already patched!
89:653  0:000  1. [change HDAS to HDEF]: pattern 48444153, patched at: [ (20) (48) ]
89:653  0:000  2. [change  _REG to XREG]: pattern 5F524547, bin not found / already patched!
89:653  0:000  3. [change _OFF to XOFF]: pattern 5F4F4646, bin not found / already patched!
89:653  0:000  Patch table: SSDT  sensrhub len=0x29F
89:653  0:000  0. [change GFX0 to IGPU]: pattern 47465830, bin not found / already patched!
89:653  0:000  1. [change HDAS to HDEF]: pattern 48444153, bin not found / already patched!
89:653  0:000  2. [change  _REG to XREG]: pattern 5F524547, bin not found / already patched!
89:653  0:000  3. [change _OFF to XOFF]: pattern 5F4F4646, bin not found / already patched!
89:653  0:000  Patch table: SSDT  PtidDevc len=0x3002
89:653  0:000  0. [change GFX0 to IGPU]: pattern 47465830, bin not found / already patched!
89:653  0:000  1. [change HDAS to HDEF]: pattern 48444153, bin not found / already patched!
89:653  0:000  2. [change  _REG to XREG]: pattern 5F524547, bin not found / already patched!
89:653  0:000  3. [change _OFF to XOFF]: pattern 5F4F4646, bin not found / already patched!
89:653  0:000  Patch table: SSDT  TbtTypeC len=0x517
89:653  0:000  0. [change GFX0 to IGPU]: pattern 47465830, bin not found / already patched!
89:653  0:000  1. [change HDAS to HDEF]: pattern 48444153, bin not found / already patched!
89:653  0:000  2. [change  _REG to XREG]: pattern 5F524547, bin not found / already patched!
89:653  0:000  3. [change _OFF to XOFF]: pattern 5F4F4646, bin not found / already patched!
89:653  0:000  Patch table: SSDT  UsbCTabl len=0x10B0
89:653  0:000  0. [change GFX0 to IGPU]: pattern 47465830, bin not found / already patched!
89:653  0:000  1. [change HDAS to HDEF]: pattern 48444153, bin not found / already patched!
89:653  0:000  2. [change  _REG to XREG]: pattern 5F524547, bin not found / already patched!
89:653  0:000  3. [change _OFF to XOFF]: pattern 5F4F4646, bin not found / already patched!
89:653  0:000  Patch table: SSDT  SgPeg len=0xAE
89:653  0:000  0. [change GFX0 to IGPU]: pattern 47465830, bin not found / already patched!
89:653  0:000  1. [change HDAS to HDEF]: pattern 48444153, bin not found / already patched!
89:653  0:000  2. [change  _REG to XREG]: pattern 5F524547, bin not found / already patched!
89:653  0:000  3. [change _OFF to XOFF]: pattern 5F4F4646, bin not found / already patched!
89:653  0:000  Patch table: SSDT  OptTabl len=0x1F71
89:653  0:000  0. [change GFX0 to IGPU]: pattern 47465830, patched at: [ (55) (28) (18C) (4D5) (11C) (5FA) (1122) (11) ]
89:653  0:000  1. [change HDAS to HDEF]: pattern 48444153, bin not found / already patched!
89:653  0:000  2. [change  _REG to XREG]: pattern 5F524547, bin not found / already patched!
89:653  0:000  3. [change _OFF to XOFF]: pattern 5F4F4646, patched at: [ (78D) ]
89:653  0:000  === [ ACPIPatchedAML ] ====================================
89:653  0:000  Sorted
89:653  0:000  Inserting table[0]:SSDT-IGPU.aml from EFI\CLOVER\ACPI\patched: size=5433 ... Success
89:656  0:002  Inserting table[1]:SSDT-DGPU.aml from EFI\CLOVER\ACPI\patched: size=563 ... Success
89:658  0:002  Inserting table[2]:SSDT-GPRW.aml from EFI\CLOVER\ACPI\patched: size=87 ... Success
89:660  0:002  Inserting table[3]:SSDT-Config.aml from EFI\CLOVER\ACPI\patched: size=628 ... Success
89:663  0:002  Inserting table[4]:SSDT-PNLF.aml from EFI\CLOVER\ACPI\patched: size=978 ... Success
89:665  0:002  Inserting table[5]:SSDT-HDEF.aml from EFI\CLOVER\ACPI\patched: size=245 ... Success
89:667  0:002  Inserting table[6]:SSDT-UIAC-ALL.aml from EFI\CLOVER\ACPI\patched: size=348 ... Success
89:669  0:002  CPUBase=0 and ApicCPUBase=1 ApicCPUNum=1
89:669  0:000  Cleanup XSDT: count=33, length=300
89:669  0:000  corrected XSDT count=33, length=300
89:669  0:000  === [ RestSetup macOS ] ===================================
89:669  0:000  EdidDiscovered size=128
89:669  0:000  --- Discovered EDID Table size:128
89:669  0:000  000  |  00  FF  FF  FF  FF  FF  FF  00  30  E4
89:669  0:000  010  |  6F  04  00  00  00  00  00  18  01  04
89:669  0:000  020  |  95  23  13  78  EA  DC  95  A3  58  55
89:669  0:000  030  |  A0  26  0D  50  54  00  00  00  01  01
89:669  0:000  040  |  01  01  01  01  01  01  01  01  01  01
89:669  0:000  050  |  01  01  01  01  2E  36  80  A0  70  38
89:669  0:000  060  |  1F  40  30  20  35  00  59  C2  10  00
89:669  0:000  070  |  00  1A  00  00  00  00  00  00  00  00
89:669  0:000  080  |  00  00  00  00  00  00  00  00  00  00
89:669  0:000  090  |  00  00  00  FE  00  4C  47  20  44  69
89:669  0:000  100  |  73  70  6C  61  79  0A  20  20  00  00
89:669  0:000  110  |  00  FE  00  4C  50  31  35  36  57  46
89:669  0:000  120  |  36  2D  53  50  42  31  00  7B
89:669  0:000  Intel GFX injection not set
89:669  0:000   RCBA disabled; cannot use it
89:669  0:000   setting specified layout-id=6 (0x6)
89:669  0:000  stringlength = 470
89:669  0:000  CurrentMode: Width=1920 Height=1080
89:669  0:000  Beginning FSInjection
FSInjectionInstall ...
- Our FSI_SIMPLE_FILE_SYSTEM_PROTOCOL installed on handle: 65D1BF98
FSInjectionInstall ...
- Our FSI_SIMPLE_FILE_SYSTEM_PROTOCOL installed on handle: 65D1BF98
89:678  0:009  Use origin smbios table type 1 guid.
89:692  0:013  Preparing kexts injection for arch=x86_64 from EFI\CLOVER\kexts\Other
89:692  0:000  Extra kext: EFI\CLOVER\kexts\Other\FakeSMC.kext (v.1765)
89:711  0:019  Extra kext: EFI\CLOVER\kexts\Other\IntelGraphicsFixup.kext (v.1.1.5)
89:720  0:008  Extra kext: EFI\CLOVER\kexts\Other\Shiki.kext (v.2.0.1)
89:728  0:008  Extra kext: EFI\CLOVER\kexts\Other\USBInjectAll.kext (v.0.6.4)
89:966  0:237  Extra kext: EFI\CLOVER\kexts\Other\RealtekRTL8111.kext (v.2.2.2)
89:977  0:011  Extra kext: EFI\CLOVER\kexts\Other\Lilu.kext (v.1.2.3)
89:988  0:011  Extra kext: EFI\CLOVER\kexts\Other\AppleALC.kext (v.1.2.6)
90:351  0:362  SetStartupDiskVolume:
90:351  0:000    * Volume: 'Mac'
90:351  0:000    * LoaderPath: '<null string>'
90:351  0:000    * DevPath: Mac
90:351  0:000    * GUID = 4FB348E6-E4FA-45BA-AD58-07C8A02A2EA0
90:352  0:000    * efi-boot-device: <array><dict><key>IOMatch</key><dict><key>IOProviderClass</key><string>IOMedia</string><key>IOPropertyMatch</key><dict><key>UUID</key><string>4FB348E6-E4FA-45BA-AD58-07C8A02A2EA0</string></dict></dict></dict></array>
90:352  0:000  Custom boot screen not used because entry has unset use graphics
90:353  0:001  Closing log
